Copyright 1986-2017 Xilinx, Inc. All Rights Reserved.
-----------------------------------------------------------------------------------------------------------------------------------------------------------------------
| Tool Version : Vivado v.2017.4 (win64) Build 2086221 Fri Dec 15 20:55:39 MST 2017
| Date         : Wed May 25 20:02:43 2022
| Host         : LAPTOP-O3N8AFU4 running 64-bit major release  (build 9200)
| Command      : report_methodology -file top_Digital_methodology_drc_routed.rpt -pb top_Digital_methodology_drc_routed.pb -rpx top_Digital_methodology_drc_routed.rpx
| Design       : TOP_Digital
| Device       : xc7k160tffg676-2
| Speed File   : -2
| Design State : Routed
-----------------------------------------------------------------------------------------------------------------------------------------------------------------------

Report Methodology

Table of Contents
-----------------
1. REPORT SUMMARY
2. REPORT DETAILS

1. REPORT SUMMARY
-----------------
            Netlist: netlist
          Floorplan: design_1
      Design limits: <entire design considered>
             Max violations: <unlimited>
             Violations found: 321
+-----------+----------+------------------------------------+------------+
| Rule      | Severity | Description                        | Violations |
+-----------+----------+------------------------------------+------------+
| TIMING-9  | Warning  | Unknown CDC Logic                  | 1          |
| TIMING-14 | Warning  | LUT on the clock tree              | 1          |
| TIMING-17 | Warning  | Non-clocked sequential cell        | 175        |
| TIMING-18 | Warning  | Missing input or output delay      | 133        |
| TIMING-20 | Warning  | Non-clocked latch                  | 8          |
| TIMING-24 | Warning  | Overridden Max delay datapath only | 3          |
+-----------+----------+------------------------------------+------------+

2. REPORT DETAILS
-----------------
TIMING-9#1 Warning
Unknown CDC Logic  
One or more asynchronous Clock Domain Crossing has been detected between 2 clock domains through a set_false_path or a set_clock_groups or set_max_delay -datapath_only constraint but no double-registers logic synchronizer has been found on the side of the capture clock. It is recommended to run report_cdc for a complete and detailed CDC coverage. Please consider using XPM_CDC to avoid Critical severities
Related violations: <none>

TIMING-14#1 Warning
LUT on the clock tree  
The LUT xpm_cdc_single_inst_i_1 has been found on the clock tree. Run opt_design to optimize the clock trees, then re-run report_methodology. If LUT(s) are still present in the clock trees, modify the RTL or the synthesis options accordingly to move the clock gating logic to dedicated clock enable resources. Keep in mind that post-opt_design database cannot be used for pin-planning tasks
Related violations: <none>

TIMING-17#1 Warning
Non-clocked sequential cell  
The clock pin CDCE0/SPI_MASTER_CLKGEN/bit_count_reg[0]/C is not reached by a timing clock
Related violations: <none>

TIMING-17#2 Warning
Non-clocked sequential cell  
The clock pin CDCE0/SPI_MASTER_CLKGEN/bit_count_reg[1]/C is not reached by a timing clock
Related violations: <none>

TIMING-17#3 Warning
Non-clocked sequential cell  
The clock pin CDCE0/SPI_MASTER_CLKGEN/bit_count_reg[2]/C is not reached by a timing clock
Related violations: <none>

TIMING-17#4 Warning
Non-clocked sequential cell  
The clock pin CDCE0/SPI_MASTER_CLKGEN/bit_count_reg[3]/C is not reached by a timing clock
Related violations: <none>

TIMING-17#5 Warning
Non-clocked sequential cell  
The clock pin CDCE0/SPI_MASTER_CLKGEN/bit_count_reg[4]/C is not reached by a timing clock
Related violations: <none>

TIMING-17#6 Warning
Non-clocked sequential cell  
The clock pin CDCE0/SPI_MASTER_CLKGEN/bit_count_reg[5]/C is not reached by a timing clock
Related violations: <none>

TIMING-17#7 Warning
Non-clocked sequential cell  
The clock pin CDCE0/SPI_MASTER_CLKGEN/serial_ce_reg/C is not reached by a timing clock
Related violations: <none>

TIMING-17#8 Warning
Non-clocked sequential cell  
The clock pin CDCE0/SPI_MASTER_CLKGEN/serial_out_reg/C is not reached by a timing clock
Related violations: <none>

TIMING-17#9 Warning
Non-clocked sequential cell  
The clock pin U28/PORT_OUT_reg[0]/C is not reached by a timing clock
Related violations: <none>

TIMING-17#10 Warning
Non-clocked sequential cell  
The clock pin USBInterface/Inst_ft600_fifo245_core/SEC_SYS/DNA_INTKEY_reg[0]/C is not reached by a timing clock
Related violations: <none>

TIMING-17#11 Warning
Non-clocked sequential cell  
The clock pin USBInterface/Inst_ft600_fifo245_core/SEC_SYS/DNA_INTKEY_reg[10]/C is not reached by a timing clock
Related violations: <none>

TIMING-17#12 Warning
Non-clocked sequential cell  
The clock pin USBInterface/Inst_ft600_fifo245_core/SEC_SYS/DNA_INTKEY_reg[11]/C is not reached by a timing clock
Related violations: <none>

TIMING-17#13 Warning
Non-clocked sequential cell  
The clock pin USBInterface/Inst_ft600_fifo245_core/SEC_SYS/DNA_INTKEY_reg[12]/C is not reached by a timing clock
Related violations: <none>

TIMING-17#14 Warning
Non-clocked sequential cell  
The clock pin USBInterface/Inst_ft600_fifo245_core/SEC_SYS/DNA_INTKEY_reg[13]/C is not reached by a timing clock
Related violations: <none>

TIMING-17#15 Warning
Non-clocked sequential cell  
The clock pin USBInterface/Inst_ft600_fifo245_core/SEC_SYS/DNA_INTKEY_reg[14]/C is not reached by a timing clock
Related violations: <none>

TIMING-17#16 Warning
Non-clocked sequential cell  
The clock pin USBInterface/Inst_ft600_fifo245_core/SEC_SYS/DNA_INTKEY_reg[15]/C is not reached by a timing clock
Related violations: <none>

TIMING-17#17 Warning
Non-clocked sequential cell  
The clock pin USBInterface/Inst_ft600_fifo245_core/SEC_SYS/DNA_INTKEY_reg[16]/C is not reached by a timing clock
Related violations: <none>

TIMING-17#18 Warning
Non-clocked sequential cell  
The clock pin USBInterface/Inst_ft600_fifo245_core/SEC_SYS/DNA_INTKEY_reg[17]/C is not reached by a timing clock
Related violations: <none>

TIMING-17#19 Warning
Non-clocked sequential cell  
The clock pin USBInterface/Inst_ft600_fifo245_core/SEC_SYS/DNA_INTKEY_reg[18]/C is not reached by a timing clock
Related violations: <none>

TIMING-17#20 Warning
Non-clocked sequential cell  
The clock pin USBInterface/Inst_ft600_fifo245_core/SEC_SYS/DNA_INTKEY_reg[19]/C is not reached by a timing clock
Related violations: <none>

TIMING-17#21 Warning
Non-clocked sequential cell  
The clock pin USBInterface/Inst_ft600_fifo245_core/SEC_SYS/DNA_INTKEY_reg[1]/C is not reached by a timing clock
Related violations: <none>

TIMING-17#22 Warning
Non-clocked sequential cell  
The clock pin USBInterface/Inst_ft600_fifo245_core/SEC_SYS/DNA_INTKEY_reg[20]/C is not reached by a timing clock
Related violations: <none>

TIMING-17#23 Warning
Non-clocked sequential cell  
The clock pin USBInterface/Inst_ft600_fifo245_core/SEC_SYS/DNA_INTKEY_reg[21]/C is not reached by a timing clock
Related violations: <none>

TIMING-17#24 Warning
Non-clocked sequential cell  
The clock pin USBInterface/Inst_ft600_fifo245_core/SEC_SYS/DNA_INTKEY_reg[22]/C is not reached by a timing clock
Related violations: <none>

TIMING-17#25 Warning
Non-clocked sequential cell  
The clock pin USBInterface/Inst_ft600_fifo245_core/SEC_SYS/DNA_INTKEY_reg[23]/C is not reached by a timing clock
Related violations: <none>

TIMING-17#26 Warning
Non-clocked sequential cell  
The clock pin USBInterface/Inst_ft600_fifo245_core/SEC_SYS/DNA_INTKEY_reg[24]/C is not reached by a timing clock
Related violations: <none>

TIMING-17#27 Warning
Non-clocked sequential cell  
The clock pin USBInterface/Inst_ft600_fifo245_core/SEC_SYS/DNA_INTKEY_reg[25]/C is not reached by a timing clock
Related violations: <none>

TIMING-17#28 Warning
Non-clocked sequential cell  
The clock pin USBInterface/Inst_ft600_fifo245_core/SEC_SYS/DNA_INTKEY_reg[26]/C is not reached by a timing clock
Related violations: <none>

TIMING-17#29 Warning
Non-clocked sequential cell  
The clock pin USBInterface/Inst_ft600_fifo245_core/SEC_SYS/DNA_INTKEY_reg[27]/C is not reached by a timing clock
Related violations: <none>

TIMING-17#30 Warning
Non-clocked sequential cell  
The clock pin USBInterface/Inst_ft600_fifo245_core/SEC_SYS/DNA_INTKEY_reg[28]/C is not reached by a timing clock
Related violations: <none>

TIMING-17#31 Warning
Non-clocked sequential cell  
The clock pin USBInterface/Inst_ft600_fifo245_core/SEC_SYS/DNA_INTKEY_reg[29]/C is not reached by a timing clock
Related violations: <none>

TIMING-17#32 Warning
Non-clocked sequential cell  
The clock pin USBInterface/Inst_ft600_fifo245_core/SEC_SYS/DNA_INTKEY_reg[2]/C is not reached by a timing clock
Related violations: <none>

TIMING-17#33 Warning
Non-clocked sequential cell  
The clock pin USBInterface/Inst_ft600_fifo245_core/SEC_SYS/DNA_INTKEY_reg[30]/C is not reached by a timing clock
Related violations: <none>

TIMING-17#34 Warning
Non-clocked sequential cell  
The clock pin USBInterface/Inst_ft600_fifo245_core/SEC_SYS/DNA_INTKEY_reg[31]/C is not reached by a timing clock
Related violations: <none>

TIMING-17#35 Warning
Non-clocked sequential cell  
The clock pin USBInterface/Inst_ft600_fifo245_core/SEC_SYS/DNA_INTKEY_reg[32]/C is not reached by a timing clock
Related violations: <none>

TIMING-17#36 Warning
Non-clocked sequential cell  
The clock pin USBInterface/Inst_ft600_fifo245_core/SEC_SYS/DNA_INTKEY_reg[33]/C is not reached by a timing clock
Related violations: <none>

TIMING-17#37 Warning
Non-clocked sequential cell  
The clock pin USBInterface/Inst_ft600_fifo245_core/SEC_SYS/DNA_INTKEY_reg[34]/C is not reached by a timing clock
Related violations: <none>

TIMING-17#38 Warning
Non-clocked sequential cell  
The clock pin USBInterface/Inst_ft600_fifo245_core/SEC_SYS/DNA_INTKEY_reg[35]/C is not reached by a timing clock
Related violations: <none>

TIMING-17#39 Warning
Non-clocked sequential cell  
The clock pin USBInterface/Inst_ft600_fifo245_core/SEC_SYS/DNA_INTKEY_reg[36]/C is not reached by a timing clock
Related violations: <none>

TIMING-17#40 Warning
Non-clocked sequential cell  
The clock pin USBInterface/Inst_ft600_fifo245_core/SEC_SYS/DNA_INTKEY_reg[37]/C is not reached by a timing clock
Related violations: <none>

TIMING-17#41 Warning
Non-clocked sequential cell  
The clock pin USBInterface/Inst_ft600_fifo245_core/SEC_SYS/DNA_INTKEY_reg[38]/C is not reached by a timing clock
Related violations: <none>

TIMING-17#42 Warning
Non-clocked sequential cell  
The clock pin USBInterface/Inst_ft600_fifo245_core/SEC_SYS/DNA_INTKEY_reg[39]/C is not reached by a timing clock
Related violations: <none>

TIMING-17#43 Warning
Non-clocked sequential cell  
The clock pin USBInterface/Inst_ft600_fifo245_core/SEC_SYS/DNA_INTKEY_reg[3]/C is not reached by a timing clock
Related violations: <none>

TIMING-17#44 Warning
Non-clocked sequential cell  
The clock pin USBInterface/Inst_ft600_fifo245_core/SEC_SYS/DNA_INTKEY_reg[40]/C is not reached by a timing clock
Related violations: <none>

TIMING-17#45 Warning
Non-clocked sequential cell  
The clock pin USBInterface/Inst_ft600_fifo245_core/SEC_SYS/DNA_INTKEY_reg[41]/C is not reached by a timing clock
Related violations: <none>

TIMING-17#46 Warning
Non-clocked sequential cell  
The clock pin USBInterface/Inst_ft600_fifo245_core/SEC_SYS/DNA_INTKEY_reg[42]/C is not reached by a timing clock
Related violations: <none>

TIMING-17#47 Warning
Non-clocked sequential cell  
The clock pin USBInterface/Inst_ft600_fifo245_core/SEC_SYS/DNA_INTKEY_reg[43]/C is not reached by a timing clock
Related violations: <none>

TIMING-17#48 Warning
Non-clocked sequential cell  
The clock pin USBInterface/Inst_ft600_fifo245_core/SEC_SYS/DNA_INTKEY_reg[44]/C is not reached by a timing clock
Related violations: <none>

TIMING-17#49 Warning
Non-clocked sequential cell  
The clock pin USBInterface/Inst_ft600_fifo245_core/SEC_SYS/DNA_INTKEY_reg[45]/C is not reached by a timing clock
Related violations: <none>

TIMING-17#50 Warning
Non-clocked sequential cell  
The clock pin USBInterface/Inst_ft600_fifo245_core/SEC_SYS/DNA_INTKEY_reg[46]/C is not reached by a timing clock
Related violations: <none>

TIMING-17#51 Warning
Non-clocked sequential cell  
The clock pin USBInterface/Inst_ft600_fifo245_core/SEC_SYS/DNA_INTKEY_reg[47]/C is not reached by a timing clock
Related violations: <none>

TIMING-17#52 Warning
Non-clocked sequential cell  
The clock pin USBInterface/Inst_ft600_fifo245_core/SEC_SYS/DNA_INTKEY_reg[48]/C is not reached by a timing clock
Related violations: <none>

TIMING-17#53 Warning
Non-clocked sequential cell  
The clock pin USBInterface/Inst_ft600_fifo245_core/SEC_SYS/DNA_INTKEY_reg[49]/C is not reached by a timing clock
Related violations: <none>

TIMING-17#54 Warning
Non-clocked sequential cell  
The clock pin USBInterface/Inst_ft600_fifo245_core/SEC_SYS/DNA_INTKEY_reg[4]/C is not reached by a timing clock
Related violations: <none>

TIMING-17#55 Warning
Non-clocked sequential cell  
The clock pin USBInterface/Inst_ft600_fifo245_core/SEC_SYS/DNA_INTKEY_reg[50]/C is not reached by a timing clock
Related violations: <none>

TIMING-17#56 Warning
Non-clocked sequential cell  
The clock pin USBInterface/Inst_ft600_fifo245_core/SEC_SYS/DNA_INTKEY_reg[51]/C is not reached by a timing clock
Related violations: <none>

TIMING-17#57 Warning
Non-clocked sequential cell  
The clock pin USBInterface/Inst_ft600_fifo245_core/SEC_SYS/DNA_INTKEY_reg[52]/C is not reached by a timing clock
Related violations: <none>

TIMING-17#58 Warning
Non-clocked sequential cell  
The clock pin USBInterface/Inst_ft600_fifo245_core/SEC_SYS/DNA_INTKEY_reg[53]/C is not reached by a timing clock
Related violations: <none>

TIMING-17#59 Warning
Non-clocked sequential cell  
The clock pin USBInterface/Inst_ft600_fifo245_core/SEC_SYS/DNA_INTKEY_reg[54]/C is not reached by a timing clock
Related violations: <none>

TIMING-17#60 Warning
Non-clocked sequential cell  
The clock pin USBInterface/Inst_ft600_fifo245_core/SEC_SYS/DNA_INTKEY_reg[55]/C is not reached by a timing clock
Related violations: <none>

TIMING-17#61 Warning
Non-clocked sequential cell  
The clock pin USBInterface/Inst_ft600_fifo245_core/SEC_SYS/DNA_INTKEY_reg[5]/C is not reached by a timing clock
Related violations: <none>

TIMING-17#62 Warning
Non-clocked sequential cell  
The clock pin USBInterface/Inst_ft600_fifo245_core/SEC_SYS/DNA_INTKEY_reg[6]/C is not reached by a timing clock
Related violations: <none>

TIMING-17#63 Warning
Non-clocked sequential cell  
The clock pin USBInterface/Inst_ft600_fifo245_core/SEC_SYS/DNA_INTKEY_reg[7]/C is not reached by a timing clock
Related violations: <none>

TIMING-17#64 Warning
Non-clocked sequential cell  
The clock pin USBInterface/Inst_ft600_fifo245_core/SEC_SYS/DNA_INTKEY_reg[8]/C is not reached by a timing clock
Related violations: <none>

TIMING-17#65 Warning
Non-clocked sequential cell  
The clock pin USBInterface/Inst_ft600_fifo245_core/SEC_SYS/DNA_INTKEY_reg[9]/C is not reached by a timing clock
Related violations: <none>

TIMING-17#66 Warning
Non-clocked sequential cell  
The clock pin USBInterface/Inst_ft600_fifo245_core/SEC_SYS/DNA_PORT_inst/CLK is not reached by a timing clock
Related violations: <none>

TIMING-17#67 Warning
Non-clocked sequential cell  
The clock pin USBInterface/Inst_ft600_fifo245_core/SEC_SYS/DNA_UID_reg[0]/C is not reached by a timing clock
Related violations: <none>

TIMING-17#68 Warning
Non-clocked sequential cell  
The clock pin USBInterface/Inst_ft600_fifo245_core/SEC_SYS/DNA_UID_reg[10]/C is not reached by a timing clock
Related violations: <none>

TIMING-17#69 Warning
Non-clocked sequential cell  
The clock pin USBInterface/Inst_ft600_fifo245_core/SEC_SYS/DNA_UID_reg[11]/C is not reached by a timing clock
Related violations: <none>

TIMING-17#70 Warning
Non-clocked sequential cell  
The clock pin USBInterface/Inst_ft600_fifo245_core/SEC_SYS/DNA_UID_reg[12]/C is not reached by a timing clock
Related violations: <none>

TIMING-17#71 Warning
Non-clocked sequential cell  
The clock pin USBInterface/Inst_ft600_fifo245_core/SEC_SYS/DNA_UID_reg[13]/C is not reached by a timing clock
Related violations: <none>

TIMING-17#72 Warning
Non-clocked sequential cell  
The clock pin USBInterface/Inst_ft600_fifo245_core/SEC_SYS/DNA_UID_reg[14]/C is not reached by a timing clock
Related violations: <none>

TIMING-17#73 Warning
Non-clocked sequential cell  
The clock pin USBInterface/Inst_ft600_fifo245_core/SEC_SYS/DNA_UID_reg[15]/C is not reached by a timing clock
Related violations: <none>

TIMING-17#74 Warning
Non-clocked sequential cell  
The clock pin USBInterface/Inst_ft600_fifo245_core/SEC_SYS/DNA_UID_reg[16]/C is not reached by a timing clock
Related violations: <none>

TIMING-17#75 Warning
Non-clocked sequential cell  
The clock pin USBInterface/Inst_ft600_fifo245_core/SEC_SYS/DNA_UID_reg[17]/C is not reached by a timing clock
Related violations: <none>

TIMING-17#76 Warning
Non-clocked sequential cell  
The clock pin USBInterface/Inst_ft600_fifo245_core/SEC_SYS/DNA_UID_reg[18]/C is not reached by a timing clock
Related violations: <none>

TIMING-17#77 Warning
Non-clocked sequential cell  
The clock pin USBInterface/Inst_ft600_fifo245_core/SEC_SYS/DNA_UID_reg[19]/C is not reached by a timing clock
Related violations: <none>

TIMING-17#78 Warning
Non-clocked sequential cell  
The clock pin USBInterface/Inst_ft600_fifo245_core/SEC_SYS/DNA_UID_reg[1]/C is not reached by a timing clock
Related violations: <none>

TIMING-17#79 Warning
Non-clocked sequential cell  
The clock pin USBInterface/Inst_ft600_fifo245_core/SEC_SYS/DNA_UID_reg[20]/C is not reached by a timing clock
Related violations: <none>

TIMING-17#80 Warning
Non-clocked sequential cell  
The clock pin USBInterface/Inst_ft600_fifo245_core/SEC_SYS/DNA_UID_reg[21]/C is not reached by a timing clock
Related violations: <none>

TIMING-17#81 Warning
Non-clocked sequential cell  
The clock pin USBInterface/Inst_ft600_fifo245_core/SEC_SYS/DNA_UID_reg[22]/C is not reached by a timing clock
Related violations: <none>

TIMING-17#82 Warning
Non-clocked sequential cell  
The clock pin USBInterface/Inst_ft600_fifo245_core/SEC_SYS/DNA_UID_reg[23]/C is not reached by a timing clock
Related violations: <none>

TIMING-17#83 Warning
Non-clocked sequential cell  
The clock pin USBInterface/Inst_ft600_fifo245_core/SEC_SYS/DNA_UID_reg[24]/C is not reached by a timing clock
Related violations: <none>

TIMING-17#84 Warning
Non-clocked sequential cell  
The clock pin USBInterface/Inst_ft600_fifo245_core/SEC_SYS/DNA_UID_reg[25]/C is not reached by a timing clock
Related violations: <none>

TIMING-17#85 Warning
Non-clocked sequential cell  
The clock pin USBInterface/Inst_ft600_fifo245_core/SEC_SYS/DNA_UID_reg[26]/C is not reached by a timing clock
Related violations: <none>

TIMING-17#86 Warning
Non-clocked sequential cell  
The clock pin USBInterface/Inst_ft600_fifo245_core/SEC_SYS/DNA_UID_reg[27]/C is not reached by a timing clock
Related violations: <none>

TIMING-17#87 Warning
Non-clocked sequential cell  
The clock pin USBInterface/Inst_ft600_fifo245_core/SEC_SYS/DNA_UID_reg[28]/C is not reached by a timing clock
Related violations: <none>

TIMING-17#88 Warning
Non-clocked sequential cell  
The clock pin USBInterface/Inst_ft600_fifo245_core/SEC_SYS/DNA_UID_reg[29]/C is not reached by a timing clock
Related violations: <none>

TIMING-17#89 Warning
Non-clocked sequential cell  
The clock pin USBInterface/Inst_ft600_fifo245_core/SEC_SYS/DNA_UID_reg[2]/C is not reached by a timing clock
Related violations: <none>

TIMING-17#90 Warning
Non-clocked sequential cell  
The clock pin USBInterface/Inst_ft600_fifo245_core/SEC_SYS/DNA_UID_reg[30]/C is not reached by a timing clock
Related violations: <none>

TIMING-17#91 Warning
Non-clocked sequential cell  
The clock pin USBInterface/Inst_ft600_fifo245_core/SEC_SYS/DNA_UID_reg[31]/C is not reached by a timing clock
Related violations: <none>

TIMING-17#92 Warning
Non-clocked sequential cell  
The clock pin USBInterface/Inst_ft600_fifo245_core/SEC_SYS/DNA_UID_reg[32]/C is not reached by a timing clock
Related violations: <none>

TIMING-17#93 Warning
Non-clocked sequential cell  
The clock pin USBInterface/Inst_ft600_fifo245_core/SEC_SYS/DNA_UID_reg[33]/C is not reached by a timing clock
Related violations: <none>

TIMING-17#94 Warning
Non-clocked sequential cell  
The clock pin USBInterface/Inst_ft600_fifo245_core/SEC_SYS/DNA_UID_reg[34]/C is not reached by a timing clock
Related violations: <none>

TIMING-17#95 Warning
Non-clocked sequential cell  
The clock pin USBInterface/Inst_ft600_fifo245_core/SEC_SYS/DNA_UID_reg[35]/C is not reached by a timing clock
Related violations: <none>

TIMING-17#96 Warning
Non-clocked sequential cell  
The clock pin USBInterface/Inst_ft600_fifo245_core/SEC_SYS/DNA_UID_reg[36]/C is not reached by a timing clock
Related violations: <none>

TIMING-17#97 Warning
Non-clocked sequential cell  
The clock pin USBInterface/Inst_ft600_fifo245_core/SEC_SYS/DNA_UID_reg[37]/C is not reached by a timing clock
Related violations: <none>

TIMING-17#98 Warning
Non-clocked sequential cell  
The clock pin USBInterface/Inst_ft600_fifo245_core/SEC_SYS/DNA_UID_reg[38]/C is not reached by a timing clock
Related violations: <none>

TIMING-17#99 Warning
Non-clocked sequential cell  
The clock pin USBInterface/Inst_ft600_fifo245_core/SEC_SYS/DNA_UID_reg[39]/C is not reached by a timing clock
Related violations: <none>

TIMING-17#100 Warning
Non-clocked sequential cell  
The clock pin USBInterface/Inst_ft600_fifo245_core/SEC_SYS/DNA_UID_reg[3]/C is not reached by a timing clock
Related violations: <none>

TIMING-17#101 Warning
Non-clocked sequential cell  
The clock pin USBInterface/Inst_ft600_fifo245_core/SEC_SYS/DNA_UID_reg[40]/C is not reached by a timing clock
Related violations: <none>

TIMING-17#102 Warning
Non-clocked sequential cell  
The clock pin USBInterface/Inst_ft600_fifo245_core/SEC_SYS/DNA_UID_reg[41]/C is not reached by a timing clock
Related violations: <none>

TIMING-17#103 Warning
Non-clocked sequential cell  
The clock pin USBInterface/Inst_ft600_fifo245_core/SEC_SYS/DNA_UID_reg[42]/C is not reached by a timing clock
Related violations: <none>

TIMING-17#104 Warning
Non-clocked sequential cell  
The clock pin USBInterface/Inst_ft600_fifo245_core/SEC_SYS/DNA_UID_reg[43]/C is not reached by a timing clock
Related violations: <none>

TIMING-17#105 Warning
Non-clocked sequential cell  
The clock pin USBInterface/Inst_ft600_fifo245_core/SEC_SYS/DNA_UID_reg[44]/C is not reached by a timing clock
Related violations: <none>

TIMING-17#106 Warning
Non-clocked sequential cell  
The clock pin USBInterface/Inst_ft600_fifo245_core/SEC_SYS/DNA_UID_reg[45]/C is not reached by a timing clock
Related violations: <none>

TIMING-17#107 Warning
Non-clocked sequential cell  
The clock pin USBInterface/Inst_ft600_fifo245_core/SEC_SYS/DNA_UID_reg[46]/C is not reached by a timing clock
Related violations: <none>

TIMING-17#108 Warning
Non-clocked sequential cell  
The clock pin USBInterface/Inst_ft600_fifo245_core/SEC_SYS/DNA_UID_reg[47]/C is not reached by a timing clock
Related violations: <none>

TIMING-17#109 Warning
Non-clocked sequential cell  
The clock pin USBInterface/Inst_ft600_fifo245_core/SEC_SYS/DNA_UID_reg[48]/C is not reached by a timing clock
Related violations: <none>

TIMING-17#110 Warning
Non-clocked sequential cell  
The clock pin USBInterface/Inst_ft600_fifo245_core/SEC_SYS/DNA_UID_reg[49]/C is not reached by a timing clock
Related violations: <none>

TIMING-17#111 Warning
Non-clocked sequential cell  
The clock pin USBInterface/Inst_ft600_fifo245_core/SEC_SYS/DNA_UID_reg[4]/C is not reached by a timing clock
Related violations: <none>

TIMING-17#112 Warning
Non-clocked sequential cell  
The clock pin USBInterface/Inst_ft600_fifo245_core/SEC_SYS/DNA_UID_reg[50]/C is not reached by a timing clock
Related violations: <none>

TIMING-17#113 Warning
Non-clocked sequential cell  
The clock pin USBInterface/Inst_ft600_fifo245_core/SEC_SYS/DNA_UID_reg[51]/C is not reached by a timing clock
Related violations: <none>

TIMING-17#114 Warning
Non-clocked sequential cell  
The clock pin USBInterface/Inst_ft600_fifo245_core/SEC_SYS/DNA_UID_reg[52]/C is not reached by a timing clock
Related violations: <none>

TIMING-17#115 Warning
Non-clocked sequential cell  
The clock pin USBInterface/Inst_ft600_fifo245_core/SEC_SYS/DNA_UID_reg[53]/C is not reached by a timing clock
Related violations: <none>

TIMING-17#116 Warning
Non-clocked sequential cell  
The clock pin USBInterface/Inst_ft600_fifo245_core/SEC_SYS/DNA_UID_reg[54]/C is not reached by a timing clock
Related violations: <none>

TIMING-17#117 Warning
Non-clocked sequential cell  
The clock pin USBInterface/Inst_ft600_fifo245_core/SEC_SYS/DNA_UID_reg[55]/C is not reached by a timing clock
Related violations: <none>

TIMING-17#118 Warning
Non-clocked sequential cell  
The clock pin USBInterface/Inst_ft600_fifo245_core/SEC_SYS/DNA_UID_reg[5]/C is not reached by a timing clock
Related violations: <none>

TIMING-17#119 Warning
Non-clocked sequential cell  
The clock pin USBInterface/Inst_ft600_fifo245_core/SEC_SYS/DNA_UID_reg[6]/C is not reached by a timing clock
Related violations: <none>

TIMING-17#120 Warning
Non-clocked sequential cell  
The clock pin USBInterface/Inst_ft600_fifo245_core/SEC_SYS/DNA_UID_reg[7]/C is not reached by a timing clock
Related violations: <none>

TIMING-17#121 Warning
Non-clocked sequential cell  
The clock pin USBInterface/Inst_ft600_fifo245_core/SEC_SYS/DNA_UID_reg[8]/C is not reached by a timing clock
Related violations: <none>

TIMING-17#122 Warning
Non-clocked sequential cell  
The clock pin USBInterface/Inst_ft600_fifo245_core/SEC_SYS/DNA_UID_reg[9]/C is not reached by a timing clock
Related violations: <none>

TIMING-17#123 Warning
Non-clocked sequential cell  
The clock pin USBInterface/Inst_ft600_fifo245_core/SEC_SYS/DNA_load_reg/C is not reached by a timing clock
Related violations: <none>

TIMING-17#124 Warning
Non-clocked sequential cell  
The clock pin USBInterface/Inst_ft600_fifo245_core/SEC_SYS/DNA_shift_reg/C is not reached by a timing clock
Related violations: <none>

TIMING-17#125 Warning
Non-clocked sequential cell  
The clock pin USBInterface/Inst_ft600_fifo245_core/SEC_SYS/FSM_sequential_SMsec_reg[0]/C is not reached by a timing clock
Related violations: <none>

TIMING-17#126 Warning
Non-clocked sequential cell  
The clock pin USBInterface/Inst_ft600_fifo245_core/SEC_SYS/FSM_sequential_SMsec_reg[1]/C is not reached by a timing clock
Related violations: <none>

TIMING-17#127 Warning
Non-clocked sequential cell  
The clock pin USBInterface/Inst_ft600_fifo245_core/SEC_SYS/FSM_sequential_SMsec_reg[2]/C is not reached by a timing clock
Related violations: <none>

TIMING-17#128 Warning
Non-clocked sequential cell  
The clock pin USBInterface/Inst_ft600_fifo245_core/SEC_SYS/HZ1_reg/C is not reached by a timing clock
Related violations: <none>

TIMING-17#129 Warning
Non-clocked sequential cell  
The clock pin USBInterface/Inst_ft600_fifo245_core/SEC_SYS/HZ1o_reg/C is not reached by a timing clock
Related violations: <none>

TIMING-17#130 Warning
Non-clocked sequential cell  
The clock pin USBInterface/Inst_ft600_fifo245_core/SEC_SYS/HZcounter_reg[0]/C is not reached by a timing clock
Related violations: <none>

TIMING-17#131 Warning
Non-clocked sequential cell  
The clock pin USBInterface/Inst_ft600_fifo245_core/SEC_SYS/HZcounter_reg[10]/C is not reached by a timing clock
Related violations: <none>

TIMING-17#132 Warning
Non-clocked sequential cell  
The clock pin USBInterface/Inst_ft600_fifo245_core/SEC_SYS/HZcounter_reg[11]/C is not reached by a timing clock
Related violations: <none>

TIMING-17#133 Warning
Non-clocked sequential cell  
The clock pin USBInterface/Inst_ft600_fifo245_core/SEC_SYS/HZcounter_reg[12]/C is not reached by a timing clock
Related violations: <none>

TIMING-17#134 Warning
Non-clocked sequential cell  
The clock pin USBInterface/Inst_ft600_fifo245_core/SEC_SYS/HZcounter_reg[13]/C is not reached by a timing clock
Related violations: <none>

TIMING-17#135 Warning
Non-clocked sequential cell  
The clock pin USBInterface/Inst_ft600_fifo245_core/SEC_SYS/HZcounter_reg[14]/C is not reached by a timing clock
Related violations: <none>

TIMING-17#136 Warning
Non-clocked sequential cell  
The clock pin USBInterface/Inst_ft600_fifo245_core/SEC_SYS/HZcounter_reg[15]/C is not reached by a timing clock
Related violations: <none>

TIMING-17#137 Warning
Non-clocked sequential cell  
The clock pin USBInterface/Inst_ft600_fifo245_core/SEC_SYS/HZcounter_reg[16]/C is not reached by a timing clock
Related violations: <none>

TIMING-17#138 Warning
Non-clocked sequential cell  
The clock pin USBInterface/Inst_ft600_fifo245_core/SEC_SYS/HZcounter_reg[17]/C is not reached by a timing clock
Related violations: <none>

TIMING-17#139 Warning
Non-clocked sequential cell  
The clock pin USBInterface/Inst_ft600_fifo245_core/SEC_SYS/HZcounter_reg[18]/C is not reached by a timing clock
Related violations: <none>

TIMING-17#140 Warning
Non-clocked sequential cell  
The clock pin USBInterface/Inst_ft600_fifo245_core/SEC_SYS/HZcounter_reg[19]/C is not reached by a timing clock
Related violations: <none>

TIMING-17#141 Warning
Non-clocked sequential cell  
The clock pin USBInterface/Inst_ft600_fifo245_core/SEC_SYS/HZcounter_reg[1]/C is not reached by a timing clock
Related violations: <none>

TIMING-17#142 Warning
Non-clocked sequential cell  
The clock pin USBInterface/Inst_ft600_fifo245_core/SEC_SYS/HZcounter_reg[2]/C is not reached by a timing clock
Related violations: <none>

TIMING-17#143 Warning
Non-clocked sequential cell  
The clock pin USBInterface/Inst_ft600_fifo245_core/SEC_SYS/HZcounter_reg[3]/C is not reached by a timing clock
Related violations: <none>

TIMING-17#144 Warning
Non-clocked sequential cell  
The clock pin USBInterface/Inst_ft600_fifo245_core/SEC_SYS/HZcounter_reg[4]/C is not reached by a timing clock
Related violations: <none>

TIMING-17#145 Warning
Non-clocked sequential cell  
The clock pin USBInterface/Inst_ft600_fifo245_core/SEC_SYS/HZcounter_reg[5]/C is not reached by a timing clock
Related violations: <none>

TIMING-17#146 Warning
Non-clocked sequential cell  
The clock pin USBInterface/Inst_ft600_fifo245_core/SEC_SYS/HZcounter_reg[6]/C is not reached by a timing clock
Related violations: <none>

TIMING-17#147 Warning
Non-clocked sequential cell  
The clock pin USBInterface/Inst_ft600_fifo245_core/SEC_SYS/HZcounter_reg[7]/C is not reached by a timing clock
Related violations: <none>

TIMING-17#148 Warning
Non-clocked sequential cell  
The clock pin USBInterface/Inst_ft600_fifo245_core/SEC_SYS/HZcounter_reg[8]/C is not reached by a timing clock
Related violations: <none>

TIMING-17#149 Warning
Non-clocked sequential cell  
The clock pin USBInterface/Inst_ft600_fifo245_core/SEC_SYS/HZcounter_reg[9]/C is not reached by a timing clock
Related violations: <none>

TIMING-17#150 Warning
Non-clocked sequential cell  
The clock pin USBInterface/Inst_ft600_fifo245_core/SEC_SYS/II_reg[0]/C is not reached by a timing clock
Related violations: <none>

TIMING-17#151 Warning
Non-clocked sequential cell  
The clock pin USBInterface/Inst_ft600_fifo245_core/SEC_SYS/II_reg[1]/C is not reached by a timing clock
Related violations: <none>

TIMING-17#152 Warning
Non-clocked sequential cell  
The clock pin USBInterface/Inst_ft600_fifo245_core/SEC_SYS/II_reg[2]/C is not reached by a timing clock
Related violations: <none>

TIMING-17#153 Warning
Non-clocked sequential cell  
The clock pin USBInterface/Inst_ft600_fifo245_core/SEC_SYS/II_reg[3]/C is not reached by a timing clock
Related violations: <none>

TIMING-17#154 Warning
Non-clocked sequential cell  
The clock pin USBInterface/Inst_ft600_fifo245_core/SEC_SYS/II_reg[4]/C is not reached by a timing clock
Related violations: <none>

TIMING-17#155 Warning
Non-clocked sequential cell  
The clock pin USBInterface/Inst_ft600_fifo245_core/SEC_SYS/II_reg[5]/C is not reached by a timing clock
Related violations: <none>

TIMING-17#156 Warning
Non-clocked sequential cell  
The clock pin USBInterface/Inst_ft600_fifo245_core/SEC_SYS/PROTECTION_enableall_reg/C is not reached by a timing clock
Related violations: <none>

TIMING-17#157 Warning
Non-clocked sequential cell  
The clock pin USBInterface/Inst_ft600_fifo245_core/SEC_SYS/SHA_enableall_reg/C is not reached by a timing clock
Related violations: <none>

TIMING-17#158 Warning
Non-clocked sequential cell  
The clock pin USBInterface/Inst_ft600_fifo245_core/SEC_SYS/SM_counter_reg[0]/C is not reached by a timing clock
Related violations: <none>

TIMING-17#159 Warning
Non-clocked sequential cell  
The clock pin USBInterface/Inst_ft600_fifo245_core/SEC_SYS/SM_counter_reg[1]/C is not reached by a timing clock
Related violations: <none>

TIMING-17#160 Warning
Non-clocked sequential cell  
The clock pin USBInterface/Inst_ft600_fifo245_core/SEC_SYS/SM_counter_reg[2]/C is not reached by a timing clock
Related violations: <none>

TIMING-17#161 Warning
Non-clocked sequential cell  
The clock pin USBInterface/Inst_ft600_fifo245_core/SEC_SYS/SM_counter_reg[3]/C is not reached by a timing clock
Related violations: <none>

TIMING-17#162 Warning
Non-clocked sequential cell  
The clock pin USBInterface/Inst_ft600_fifo245_core/SEC_SYS/SM_counter_reg[4]/C is not reached by a timing clock
Related violations: <none>

TIMING-17#163 Warning
Non-clocked sequential cell  
The clock pin USBInterface/Inst_ft600_fifo245_core/SEC_SYS/SM_counter_reg[5]/C is not reached by a timing clock
Related violations: <none>

TIMING-17#164 Warning
Non-clocked sequential cell  
The clock pin USBInterface/Inst_ft600_fifo245_core/SEC_SYS/SM_counter_reg[6]/C is not reached by a timing clock
Related violations: <none>

TIMING-17#165 Warning
Non-clocked sequential cell  
The clock pin USBInterface/Inst_ft600_fifo245_core/SEC_SYS/SM_counter_reg[7]/C is not reached by a timing clock
Related violations: <none>

TIMING-17#166 Warning
Non-clocked sequential cell  
The clock pin USBInterface/Inst_ft600_fifo245_core/SEC_SYS/trialCOUNTER_reg[0]/C is not reached by a timing clock
Related violations: <none>

TIMING-17#167 Warning
Non-clocked sequential cell  
The clock pin USBInterface/Inst_ft600_fifo245_core/SEC_SYS/trialCOUNTER_reg[1]/C is not reached by a timing clock
Related violations: <none>

TIMING-17#168 Warning
Non-clocked sequential cell  
The clock pin USBInterface/Inst_ft600_fifo245_core/SEC_SYS/trialCOUNTER_reg[2]/C is not reached by a timing clock
Related violations: <none>

TIMING-17#169 Warning
Non-clocked sequential cell  
The clock pin USBInterface/Inst_ft600_fifo245_core/SEC_SYS/trialCOUNTER_reg[3]/C is not reached by a timing clock
Related violations: <none>

TIMING-17#170 Warning
Non-clocked sequential cell  
The clock pin USBInterface/Inst_ft600_fifo245_core/SEC_SYS/trialCOUNTER_reg[4]/C is not reached by a timing clock
Related violations: <none>

TIMING-17#171 Warning
Non-clocked sequential cell  
The clock pin USBInterface/Inst_ft600_fifo245_core/SEC_SYS/trialCOUNTER_reg[5]/C is not reached by a timing clock
Related violations: <none>

TIMING-17#172 Warning
Non-clocked sequential cell  
The clock pin USBInterface/Inst_ft600_fifo245_core/SEC_SYS/trialCOUNTER_reg[6]/C is not reached by a timing clock
Related violations: <none>

TIMING-17#173 Warning
Non-clocked sequential cell  
The clock pin USBInterface/Inst_ft600_fifo245_core/SEC_SYS/trialCOUNTER_reg[7]/C is not reached by a timing clock
Related violations: <none>

TIMING-17#174 Warning
Non-clocked sequential cell  
The clock pin USBInterface/Inst_ft600_fifo245_core/SEC_SYS/trialCOUNTER_reg[8]/C is not reached by a timing clock
Related violations: <none>

TIMING-17#175 Warning
Non-clocked sequential cell  
The clock pin USBInterface/Inst_ft600_fifo245_core/SEC_SYS/trialCOUNTER_reg[9]/C is not reached by a timing clock
Related violations: <none>

TIMING-18#1 Warning
Missing input or output delay  
An input delay is missing on ADC_1_DATA_A_N[0] relative to clock(s) ADC_1_CLK_A_P
Related violations: <none>

TIMING-18#2 Warning
Missing input or output delay  
An input delay is missing on ADC_1_DATA_A_N[1] relative to clock(s) ADC_1_CLK_A_P
Related violations: <none>

TIMING-18#3 Warning
Missing input or output delay  
An input delay is missing on ADC_1_DATA_A_N[2] relative to clock(s) ADC_1_CLK_A_P
Related violations: <none>

TIMING-18#4 Warning
Missing input or output delay  
An input delay is missing on ADC_1_DATA_A_N[3] relative to clock(s) ADC_1_CLK_A_P
Related violations: <none>

TIMING-18#5 Warning
Missing input or output delay  
An input delay is missing on ADC_1_DATA_A_N[4] relative to clock(s) ADC_1_CLK_A_P
Related violations: <none>

TIMING-18#6 Warning
Missing input or output delay  
An input delay is missing on ADC_1_DATA_A_N[5] relative to clock(s) ADC_1_CLK_A_P
Related violations: <none>

TIMING-18#7 Warning
Missing input or output delay  
An input delay is missing on ADC_1_DATA_A_N[6] relative to clock(s) ADC_1_CLK_A_P
Related violations: <none>

TIMING-18#8 Warning
Missing input or output delay  
An input delay is missing on ADC_1_DATA_A_N[7] relative to clock(s) ADC_1_CLK_A_P
Related violations: <none>

TIMING-18#9 Warning
Missing input or output delay  
An input delay is missing on ADC_1_DATA_A_P[0] relative to clock(s) ADC_1_CLK_A_P
Related violations: <none>

TIMING-18#10 Warning
Missing input or output delay  
An input delay is missing on ADC_1_DATA_A_P[1] relative to clock(s) ADC_1_CLK_A_P
Related violations: <none>

TIMING-18#11 Warning
Missing input or output delay  
An input delay is missing on ADC_1_DATA_A_P[2] relative to clock(s) ADC_1_CLK_A_P
Related violations: <none>

TIMING-18#12 Warning
Missing input or output delay  
An input delay is missing on ADC_1_DATA_A_P[3] relative to clock(s) ADC_1_CLK_A_P
Related violations: <none>

TIMING-18#13 Warning
Missing input or output delay  
An input delay is missing on ADC_1_DATA_A_P[4] relative to clock(s) ADC_1_CLK_A_P
Related violations: <none>

TIMING-18#14 Warning
Missing input or output delay  
An input delay is missing on ADC_1_DATA_A_P[5] relative to clock(s) ADC_1_CLK_A_P
Related violations: <none>

TIMING-18#15 Warning
Missing input or output delay  
An input delay is missing on ADC_1_DATA_A_P[6] relative to clock(s) ADC_1_CLK_A_P
Related violations: <none>

TIMING-18#16 Warning
Missing input or output delay  
An input delay is missing on ADC_1_DATA_A_P[7] relative to clock(s) ADC_1_CLK_A_P
Related violations: <none>

TIMING-18#17 Warning
Missing input or output delay  
An input delay is missing on ADC_1_DATA_B_N[0] relative to clock(s) ADC_1_CLK_A_P
Related violations: <none>

TIMING-18#18 Warning
Missing input or output delay  
An input delay is missing on ADC_1_DATA_B_N[1] relative to clock(s) ADC_1_CLK_A_P
Related violations: <none>

TIMING-18#19 Warning
Missing input or output delay  
An input delay is missing on ADC_1_DATA_B_N[2] relative to clock(s) ADC_1_CLK_A_P
Related violations: <none>

TIMING-18#20 Warning
Missing input or output delay  
An input delay is missing on ADC_1_DATA_B_N[3] relative to clock(s) ADC_1_CLK_A_P
Related violations: <none>

TIMING-18#21 Warning
Missing input or output delay  
An input delay is missing on ADC_1_DATA_B_N[4] relative to clock(s) ADC_1_CLK_A_P
Related violations: <none>

TIMING-18#22 Warning
Missing input or output delay  
An input delay is missing on ADC_1_DATA_B_N[5] relative to clock(s) ADC_1_CLK_A_P
Related violations: <none>

TIMING-18#23 Warning
Missing input or output delay  
An input delay is missing on ADC_1_DATA_B_N[6] relative to clock(s) ADC_1_CLK_A_P
Related violations: <none>

TIMING-18#24 Warning
Missing input or output delay  
An input delay is missing on ADC_1_DATA_B_N[7] relative to clock(s) ADC_1_CLK_A_P
Related violations: <none>

TIMING-18#25 Warning
Missing input or output delay  
An input delay is missing on ADC_1_DATA_B_P[0] relative to clock(s) ADC_1_CLK_A_P
Related violations: <none>

TIMING-18#26 Warning
Missing input or output delay  
An input delay is missing on ADC_1_DATA_B_P[1] relative to clock(s) ADC_1_CLK_A_P
Related violations: <none>

TIMING-18#27 Warning
Missing input or output delay  
An input delay is missing on ADC_1_DATA_B_P[2] relative to clock(s) ADC_1_CLK_A_P
Related violations: <none>

TIMING-18#28 Warning
Missing input or output delay  
An input delay is missing on ADC_1_DATA_B_P[3] relative to clock(s) ADC_1_CLK_A_P
Related violations: <none>

TIMING-18#29 Warning
Missing input or output delay  
An input delay is missing on ADC_1_DATA_B_P[4] relative to clock(s) ADC_1_CLK_A_P
Related violations: <none>

TIMING-18#30 Warning
Missing input or output delay  
An input delay is missing on ADC_1_DATA_B_P[5] relative to clock(s) ADC_1_CLK_A_P
Related violations: <none>

TIMING-18#31 Warning
Missing input or output delay  
An input delay is missing on ADC_1_DATA_B_P[6] relative to clock(s) ADC_1_CLK_A_P
Related violations: <none>

TIMING-18#32 Warning
Missing input or output delay  
An input delay is missing on ADC_1_DATA_B_P[7] relative to clock(s) ADC_1_CLK_A_P
Related violations: <none>

TIMING-18#33 Warning
Missing input or output delay  
An input delay is missing on A_TRG[0] relative to clock(s) D_LVDS_DCLK
Related violations: <none>

TIMING-18#34 Warning
Missing input or output delay  
An input delay is missing on A_TRG[10] relative to clock(s) D_LVDS_DCLK
Related violations: <none>

TIMING-18#35 Warning
Missing input or output delay  
An input delay is missing on A_TRG[11] relative to clock(s) D_LVDS_DCLK
Related violations: <none>

TIMING-18#36 Warning
Missing input or output delay  
An input delay is missing on A_TRG[12] relative to clock(s) D_LVDS_DCLK
Related violations: <none>

TIMING-18#37 Warning
Missing input or output delay  
An input delay is missing on A_TRG[13] relative to clock(s) D_LVDS_DCLK
Related violations: <none>

TIMING-18#38 Warning
Missing input or output delay  
An input delay is missing on A_TRG[14] relative to clock(s) D_LVDS_DCLK
Related violations: <none>

TIMING-18#39 Warning
Missing input or output delay  
An input delay is missing on A_TRG[15] relative to clock(s) D_LVDS_DCLK
Related violations: <none>

TIMING-18#40 Warning
Missing input or output delay  
An input delay is missing on A_TRG[16] relative to clock(s) D_LVDS_DCLK
Related violations: <none>

TIMING-18#41 Warning
Missing input or output delay  
An input delay is missing on A_TRG[17] relative to clock(s) D_LVDS_DCLK
Related violations: <none>

TIMING-18#42 Warning
Missing input or output delay  
An input delay is missing on A_TRG[18] relative to clock(s) D_LVDS_DCLK
Related violations: <none>

TIMING-18#43 Warning
Missing input or output delay  
An input delay is missing on A_TRG[19] relative to clock(s) D_LVDS_DCLK
Related violations: <none>

TIMING-18#44 Warning
Missing input or output delay  
An input delay is missing on A_TRG[1] relative to clock(s) D_LVDS_DCLK
Related violations: <none>

TIMING-18#45 Warning
Missing input or output delay  
An input delay is missing on A_TRG[20] relative to clock(s) D_LVDS_DCLK
Related violations: <none>

TIMING-18#46 Warning
Missing input or output delay  
An input delay is missing on A_TRG[21] relative to clock(s) D_LVDS_DCLK
Related violations: <none>

TIMING-18#47 Warning
Missing input or output delay  
An input delay is missing on A_TRG[22] relative to clock(s) D_LVDS_DCLK
Related violations: <none>

TIMING-18#48 Warning
Missing input or output delay  
An input delay is missing on A_TRG[23] relative to clock(s) D_LVDS_DCLK
Related violations: <none>

TIMING-18#49 Warning
Missing input or output delay  
An input delay is missing on A_TRG[24] relative to clock(s) D_LVDS_DCLK
Related violations: <none>

TIMING-18#50 Warning
Missing input or output delay  
An input delay is missing on A_TRG[25] relative to clock(s) D_LVDS_DCLK
Related violations: <none>

TIMING-18#51 Warning
Missing input or output delay  
An input delay is missing on A_TRG[26] relative to clock(s) D_LVDS_DCLK
Related violations: <none>

TIMING-18#52 Warning
Missing input or output delay  
An input delay is missing on A_TRG[27] relative to clock(s) D_LVDS_DCLK
Related violations: <none>

TIMING-18#53 Warning
Missing input or output delay  
An input delay is missing on A_TRG[28] relative to clock(s) D_LVDS_DCLK
Related violations: <none>

TIMING-18#54 Warning
Missing input or output delay  
An input delay is missing on A_TRG[29] relative to clock(s) D_LVDS_DCLK
Related violations: <none>

TIMING-18#55 Warning
Missing input or output delay  
An input delay is missing on A_TRG[2] relative to clock(s) D_LVDS_DCLK
Related violations: <none>

TIMING-18#56 Warning
Missing input or output delay  
An input delay is missing on A_TRG[30] relative to clock(s) D_LVDS_DCLK
Related violations: <none>

TIMING-18#57 Warning
Missing input or output delay  
An input delay is missing on A_TRG[31] relative to clock(s) D_LVDS_DCLK
Related violations: <none>

TIMING-18#58 Warning
Missing input or output delay  
An input delay is missing on A_TRG[3] relative to clock(s) D_LVDS_DCLK
Related violations: <none>

TIMING-18#59 Warning
Missing input or output delay  
An input delay is missing on A_TRG[4] relative to clock(s) D_LVDS_DCLK
Related violations: <none>

TIMING-18#60 Warning
Missing input or output delay  
An input delay is missing on A_TRG[5] relative to clock(s) D_LVDS_DCLK
Related violations: <none>

TIMING-18#61 Warning
Missing input or output delay  
An input delay is missing on A_TRG[6] relative to clock(s) D_LVDS_DCLK
Related violations: <none>

TIMING-18#62 Warning
Missing input or output delay  
An input delay is missing on A_TRG[7] relative to clock(s) D_LVDS_DCLK
Related violations: <none>

TIMING-18#63 Warning
Missing input or output delay  
An input delay is missing on A_TRG[8] relative to clock(s) D_LVDS_DCLK
Related violations: <none>

TIMING-18#64 Warning
Missing input or output delay  
An input delay is missing on A_TRG[9] relative to clock(s) D_LVDS_DCLK
Related violations: <none>

TIMING-18#65 Warning
Missing input or output delay  
An input delay is missing on EEMISO relative to clock(s) clk_ftdi
Related violations: <none>

TIMING-18#66 Warning
Missing input or output delay  
An input delay is missing on FLASH_SPI_DIN relative to clock(s) D_LVDS_DCLK
Related violations: <none>

TIMING-18#67 Warning
Missing input or output delay  
An input delay is missing on FTDI_ADBUS[0] relative to clock(s) clk_ftdi
Related violations: <none>

TIMING-18#68 Warning
Missing input or output delay  
An input delay is missing on FTDI_ADBUS[10] relative to clock(s) clk_ftdi
Related violations: <none>

TIMING-18#69 Warning
Missing input or output delay  
An input delay is missing on FTDI_ADBUS[11] relative to clock(s) clk_ftdi
Related violations: <none>

TIMING-18#70 Warning
Missing input or output delay  
An input delay is missing on FTDI_ADBUS[12] relative to clock(s) clk_ftdi
Related violations: <none>

TIMING-18#71 Warning
Missing input or output delay  
An input delay is missing on FTDI_ADBUS[13] relative to clock(s) clk_ftdi
Related violations: <none>

TIMING-18#72 Warning
Missing input or output delay  
An input delay is missing on FTDI_ADBUS[14] relative to clock(s) clk_ftdi
Related violations: <none>

TIMING-18#73 Warning
Missing input or output delay  
An input delay is missing on FTDI_ADBUS[15] relative to clock(s) clk_ftdi
Related violations: <none>

TIMING-18#74 Warning
Missing input or output delay  
An input delay is missing on FTDI_ADBUS[16] relative to clock(s) clk_ftdi
Related violations: <none>

TIMING-18#75 Warning
Missing input or output delay  
An input delay is missing on FTDI_ADBUS[17] relative to clock(s) clk_ftdi
Related violations: <none>

TIMING-18#76 Warning
Missing input or output delay  
An input delay is missing on FTDI_ADBUS[18] relative to clock(s) clk_ftdi
Related violations: <none>

TIMING-18#77 Warning
Missing input or output delay  
An input delay is missing on FTDI_ADBUS[19] relative to clock(s) clk_ftdi
Related violations: <none>

TIMING-18#78 Warning
Missing input or output delay  
An input delay is missing on FTDI_ADBUS[1] relative to clock(s) clk_ftdi
Related violations: <none>

TIMING-18#79 Warning
Missing input or output delay  
An input delay is missing on FTDI_ADBUS[20] relative to clock(s) clk_ftdi
Related violations: <none>

TIMING-18#80 Warning
Missing input or output delay  
An input delay is missing on FTDI_ADBUS[21] relative to clock(s) clk_ftdi
Related violations: <none>

TIMING-18#81 Warning
Missing input or output delay  
An input delay is missing on FTDI_ADBUS[22] relative to clock(s) clk_ftdi
Related violations: <none>

TIMING-18#82 Warning
Missing input or output delay  
An input delay is missing on FTDI_ADBUS[23] relative to clock(s) clk_ftdi
Related violations: <none>

TIMING-18#83 Warning
Missing input or output delay  
An input delay is missing on FTDI_ADBUS[24] relative to clock(s) clk_ftdi
Related violations: <none>

TIMING-18#84 Warning
Missing input or output delay  
An input delay is missing on FTDI_ADBUS[25] relative to clock(s) clk_ftdi
Related violations: <none>

TIMING-18#85 Warning
Missing input or output delay  
An input delay is missing on FTDI_ADBUS[26] relative to clock(s) clk_ftdi
Related violations: <none>

TIMING-18#86 Warning
Missing input or output delay  
An input delay is missing on FTDI_ADBUS[27] relative to clock(s) clk_ftdi
Related violations: <none>

TIMING-18#87 Warning
Missing input or output delay  
An input delay is missing on FTDI_ADBUS[28] relative to clock(s) clk_ftdi
Related violations: <none>

TIMING-18#88 Warning
Missing input or output delay  
An input delay is missing on FTDI_ADBUS[29] relative to clock(s) clk_ftdi
Related violations: <none>

TIMING-18#89 Warning
Missing input or output delay  
An input delay is missing on FTDI_ADBUS[2] relative to clock(s) clk_ftdi
Related violations: <none>

TIMING-18#90 Warning
Missing input or output delay  
An input delay is missing on FTDI_ADBUS[30] relative to clock(s) clk_ftdi
Related violations: <none>

TIMING-18#91 Warning
Missing input or output delay  
An input delay is missing on FTDI_ADBUS[31] relative to clock(s) clk_ftdi
Related violations: <none>

TIMING-18#92 Warning
Missing input or output delay  
An input delay is missing on FTDI_ADBUS[3] relative to clock(s) clk_ftdi
Related violations: <none>

TIMING-18#93 Warning
Missing input or output delay  
An input delay is missing on FTDI_ADBUS[4] relative to clock(s) clk_ftdi
Related violations: <none>

TIMING-18#94 Warning
Missing input or output delay  
An input delay is missing on FTDI_ADBUS[5] relative to clock(s) clk_ftdi
Related violations: <none>

TIMING-18#95 Warning
Missing input or output delay  
An input delay is missing on FTDI_ADBUS[6] relative to clock(s) clk_ftdi
Related violations: <none>

TIMING-18#96 Warning
Missing input or output delay  
An input delay is missing on FTDI_ADBUS[7] relative to clock(s) clk_ftdi
Related violations: <none>

TIMING-18#97 Warning
Missing input or output delay  
An input delay is missing on FTDI_ADBUS[8] relative to clock(s) clk_ftdi
Related violations: <none>

TIMING-18#98 Warning
Missing input or output delay  
An input delay is missing on FTDI_ADBUS[9] relative to clock(s) clk_ftdi
Related violations: <none>

TIMING-18#99 Warning
Missing input or output delay  
An input delay is missing on FTDI_BE[0] relative to clock(s) clk_ftdi
Related violations: <none>

TIMING-18#100 Warning
Missing input or output delay  
An input delay is missing on FTDI_BE[1] relative to clock(s) clk_ftdi
Related violations: <none>

TIMING-18#101 Warning
Missing input or output delay  
An input delay is missing on FTDI_BE[2] relative to clock(s) clk_ftdi
Related violations: <none>

TIMING-18#102 Warning
Missing input or output delay  
An input delay is missing on FTDI_BE[3] relative to clock(s) clk_ftdi
Related violations: <none>

TIMING-18#103 Warning
Missing input or output delay  
An input delay is missing on FTDI_RXFN relative to clock(s) clk_ftdi
Related violations: <none>

TIMING-18#104 Warning
Missing input or output delay  
An input delay is missing on FTDI_TXEN relative to clock(s) clk_ftdi
Related violations: <none>

TIMING-18#105 Warning
Missing input or output delay  
An input delay is missing on LEMO0 relative to clock(s) D_LVDS_DCLK
Related violations: <none>

TIMING-18#106 Warning
Missing input or output delay  
An input delay is missing on iic_scl relative to clock(s) D_LVDS_DCLK
Related violations: <none>

TIMING-18#107 Warning
Missing input or output delay  
An input delay is missing on iic_sda relative to clock(s) D_LVDS_DCLK
Related violations: <none>

TIMING-18#108 Warning
Missing input or output delay  
An output delay is missing on A_ANALOG_CLK relative to clock(s) D_LVDS_DCLK
Related violations: <none>

TIMING-18#109 Warning
Missing input or output delay  
An output delay is missing on A_ANALOG_DIN relative to clock(s) D_LVDS_DCLK
Related violations: <none>

TIMING-18#110 Warning
Missing input or output delay  
An output delay is missing on A_RAZ_CHN_N relative to clock(s) D_LVDS_DCLK
Related violations: <none>

TIMING-18#111 Warning
Missing input or output delay  
An output delay is missing on A_RAZ_CHN_P relative to clock(s) D_LVDS_DCLK
Related violations: <none>

TIMING-18#112 Warning
Missing input or output delay  
An output delay is missing on A_VAL_EVT_N relative to clock(s) D_LVDS_DCLK
Related violations: <none>

TIMING-18#113 Warning
Missing input or output delay  
An output delay is missing on A_VAL_EVT_P relative to clock(s) D_LVDS_DCLK
Related violations: <none>

TIMING-18#114 Warning
Missing input or output delay  
An output delay is missing on CK_SPI_CLK relative to clock(s) clk_100
Related violations: <none>

TIMING-18#115 Warning
Missing input or output delay  
An output delay is missing on D_TRIG_EXT relative to clock(s) D_LVDS_DCLK
Related violations: <none>

TIMING-18#116 Warning
Missing input or output delay  
An output delay is missing on EECLK relative to clock(s) clk_ftdi
Related violations: <none>

TIMING-18#117 Warning
Missing input or output delay  
An output delay is missing on EECS relative to clock(s) clk_ftdi
Related violations: <none>

TIMING-18#118 Warning
Missing input or output delay  
An output delay is missing on EEMOSI relative to clock(s) clk_ftdi
Related violations: <none>

TIMING-18#119 Warning
Missing input or output delay  
An output delay is missing on FLASH_SPI_CS relative to clock(s) D_LVDS_DCLK
Related violations: <none>

TIMING-18#120 Warning
Missing input or output delay  
An output delay is missing on FLASH_SPI_DOUT relative to clock(s) D_LVDS_DCLK
Related violations: <none>

TIMING-18#121 Warning
Missing input or output delay  
An output delay is missing on FTDI_OEN relative to clock(s) clk_ftdi
Related violations: <none>

TIMING-18#122 Warning
Missing input or output delay  
An output delay is missing on FTDI_RDN relative to clock(s) clk_ftdi
Related violations: <none>

TIMING-18#123 Warning
Missing input or output delay  
An output delay is missing on FTDI_SIWU relative to clock(s) clk_ftdi
Related violations: <none>

TIMING-18#124 Warning
Missing input or output delay  
An output delay is missing on FTDI_TXN relative to clock(s) clk_ftdi
Related violations: <none>

TIMING-18#125 Warning
Missing input or output delay  
An output delay is missing on PETIROC_A_CLK relative to clock(s) D_LVDS_DCLK
Related violations: <none>

TIMING-18#126 Warning
Missing input or output delay  
An output delay is missing on PETIROC_A_MOSI relative to clock(s) D_LVDS_DCLK
Related violations: <none>

TIMING-18#127 Warning
Missing input or output delay  
An output delay is missing on PETIROC_A_RESETB relative to clock(s) D_LVDS_DCLK
Related violations: <none>

TIMING-18#128 Warning
Missing input or output delay  
An output delay is missing on PETIROC_A_RSTB relative to clock(s) D_LVDS_DCLK
Related violations: <none>

TIMING-18#129 Warning
Missing input or output delay  
An output delay is missing on PETIROC_A_SELECT relative to clock(s) D_LVDS_DCLK
Related violations: <none>

TIMING-18#130 Warning
Missing input or output delay  
An output delay is missing on PETIROC_A_SLOAD relative to clock(s) D_LVDS_DCLK
Related violations: <none>

TIMING-18#131 Warning
Missing input or output delay  
An output delay is missing on PETIROC_B_RSTB relative to clock(s) D_LVDS_DCLK
Related violations: <none>

TIMING-18#132 Warning
Missing input or output delay  
An output delay is missing on PETIROC_C_RSTB relative to clock(s) D_LVDS_DCLK
Related violations: <none>

TIMING-18#133 Warning
Missing input or output delay  
An output delay is missing on PETIROC_D_RSTB relative to clock(s) D_LVDS_DCLK
Related violations: <none>

TIMING-20#1 Warning
Non-clocked latch  
The latch FC/Inst_spi_ctrl/tx_sreg_reg[0]_LDC cannot be properly analyzed as its control pin FC/Inst_spi_ctrl/tx_sreg_reg[0]_LDC/G is not reached by a timing clock
Related violations: <none>

TIMING-20#2 Warning
Non-clocked latch  
The latch FC/Inst_spi_ctrl/tx_sreg_reg[1]_LDC cannot be properly analyzed as its control pin FC/Inst_spi_ctrl/tx_sreg_reg[1]_LDC/G is not reached by a timing clock
Related violations: <none>

TIMING-20#3 Warning
Non-clocked latch  
The latch FC/Inst_spi_ctrl/tx_sreg_reg[2]_LDC cannot be properly analyzed as its control pin FC/Inst_spi_ctrl/tx_sreg_reg[2]_LDC/G is not reached by a timing clock
Related violations: <none>

TIMING-20#4 Warning
Non-clocked latch  
The latch FC/Inst_spi_ctrl/tx_sreg_reg[3]_LDC cannot be properly analyzed as its control pin FC/Inst_spi_ctrl/tx_sreg_reg[3]_LDC/G is not reached by a timing clock
Related violations: <none>

TIMING-20#5 Warning
Non-clocked latch  
The latch FC/Inst_spi_ctrl/tx_sreg_reg[4]_LDC cannot be properly analyzed as its control pin FC/Inst_spi_ctrl/tx_sreg_reg[4]_LDC/G is not reached by a timing clock
Related violations: <none>

TIMING-20#6 Warning
Non-clocked latch  
The latch FC/Inst_spi_ctrl/tx_sreg_reg[5]_LDC cannot be properly analyzed as its control pin FC/Inst_spi_ctrl/tx_sreg_reg[5]_LDC/G is not reached by a timing clock
Related violations: <none>

TIMING-20#7 Warning
Non-clocked latch  
The latch FC/Inst_spi_ctrl/tx_sreg_reg[6]_LDC cannot be properly analyzed as its control pin FC/Inst_spi_ctrl/tx_sreg_reg[6]_LDC/G is not reached by a timing clock
Related violations: <none>

TIMING-20#8 Warning
Non-clocked latch  
The latch FC/Inst_spi_ctrl/tx_sreg_reg[7]_LDC cannot be properly analyzed as its control pin FC/Inst_spi_ctrl/tx_sreg_reg[7]_LDC/G is not reached by a timing clock
Related violations: <none>

TIMING-24#1 Warning
Overridden Max delay datapath only  
A set_clock_groups or a set_false path (see constraint position 10 in the Timing Constraints window in Vivado IDE) between clocks clk_ftdi and D_LVDS_DCLK overrides a set_max_delay -datapath_only (position 20). It is not recommended to override a set_max_delay -datapath_only constraint. Replace the set_clock_groups or set_false_path between clocks with point-to-point set_false_path constraints
Related violations: <none>

TIMING-24#2 Warning
Overridden Max delay datapath only  
A set_clock_groups or a set_false path (see constraint position 10 in the Timing Constraints window in Vivado IDE) between clocks clk_ftdi and D_LVDS_DCLK overrides a set_max_delay -datapath_only (position 22). It is not recommended to override a set_max_delay -datapath_only constraint. Replace the set_clock_groups or set_false_path between clocks with point-to-point set_false_path constraints
Related violations: <none>

TIMING-24#3 Warning
Overridden Max delay datapath only  
A set_clock_groups or a set_false path (see constraint position 9 in the Timing Constraints window in Vivado IDE) between clocks D_LVDS_DCLK and ADC_DESER1_n_1 overrides a set_max_delay -datapath_only (position 28). It is not recommended to override a set_max_delay -datapath_only constraint. Replace the set_clock_groups or set_false_path between clocks with point-to-point set_false_path constraints
Related violations: <none>


