Copyright 1986-2017 Xilinx, Inc. All Rights Reserved.
-------------------------------------------------------------------------------------------------------------------------------------------------------
| Tool Version     : Vivado v.2017.4 (win64) Build 2086221 Fri Dec 15 20:55:39 MST 2017
| Date             : Tue May 10 14:18:17 2022
| Host             : LAPTOP-O3N8AFU4 running 64-bit major release  (build 9200)
| Command          : report_power -file top_Digital_power_routed.rpt -pb top_Digital_power_summary_routed.pb -rpx top_Digital_power_routed.rpx
| Design           : TOP_Digital
| Device           : xc7k160tffg676-2
| Design State     : routed
| Grade            : commercial
| Process          : typical
| Characterization : Production
-------------------------------------------------------------------------------------------------------------------------------------------------------

Power Report

Table of Contents
-----------------
1. Summary
1.1 On-Chip Components
1.2 Power Supply Summary
1.3 Confidence Level
2. Settings
2.1 Environment
2.2 Clock Constraints
3. Detailed Reports
3.1 By Hierarchy

1. Summary
----------

+--------------------------+--------------+
| Total On-Chip Power (W)  | 1.054        |
| Design Power Budget (W)  | Unspecified* |
| Power Budget Margin (W)  | NA           |
| Dynamic (W)              | 0.936        |
| Device Static (W)        | 0.118        |
| Total Off-Chip Power (W) | 0.010        |
| Effective TJA (C/W)      | 1.9          |
| Max Ambient (C)          | 83.0         |
| Junction Temperature (C) | 27.0         |
| Confidence Level         | Low          |
| Setting File             | ---          |
| Simulation Activity File | ---          |
| Design Nets Matched      | NA           |
+--------------------------+--------------+
* Specify Design Power Budget using, set_operating_conditions -design_power_budget <value in Watts>


1.1 On-Chip Components
----------------------

+-------------------------+-----------+----------+-----------+-----------------+
| On-Chip                 | Power (W) | Used     | Available | Utilization (%) |
+-------------------------+-----------+----------+-----------+-----------------+
| Clocks                  |     0.053 |       15 |       --- |             --- |
| Slice Logic             |     0.022 |    17693 |       --- |             --- |
|   LUT as Logic          |     0.018 |     6275 |    101400 |            6.19 |
|   CARRY4                |     0.002 |      651 |     25350 |            2.57 |
|   Register              |     0.002 |     9225 |    202800 |            4.55 |
|   F7/F8 Muxes           |    <0.001 |      162 |    101400 |            0.16 |
|   LUT as Shift Register |    <0.001 |       16 |     35000 |            0.05 |
|   Others                |    <0.001 |      885 |       --- |             --- |
|   BUFG                  |    <0.001 |        1 |        32 |            3.13 |
| Signals                 |     0.028 |    14289 |       --- |             --- |
| Block RAM               |     0.027 |        7 |       325 |            2.15 |
| MMCM                    |     0.358 |        3 |         8 |           37.50 |
| I/O                     |     0.448 |      207 |       400 |           51.75 |
| Static Power            |     0.118 |          |           |                 |
| Total                   |     1.054 |          |           |                 |
+-------------------------+-----------+----------+-----------+-----------------+


1.2 Power Supply Summary
------------------------

+-----------+-------------+-----------+-------------+------------+
| Source    | Voltage (V) | Total (A) | Dynamic (A) | Static (A) |
+-----------+-------------+-----------+-------------+------------+
| Vccint    |       1.000 |     0.196 |       0.152 |      0.044 |
| Vccaux    |       1.800 |     0.268 |       0.249 |      0.018 |
| Vcco33    |       3.300 |     0.000 |       0.000 |      0.000 |
| Vcco25    |       2.500 |     0.120 |       0.119 |      0.001 |
| Vcco18    |       1.800 |     0.026 |       0.025 |      0.001 |
| Vcco15    |       1.500 |     0.000 |       0.000 |      0.000 |
| Vcco135   |       1.350 |     0.000 |       0.000 |      0.000 |
| Vcco12    |       1.200 |     0.000 |       0.000 |      0.000 |
| Vccaux_io |       1.800 |     0.000 |       0.000 |      0.000 |
| Vccbram   |       1.000 |     0.003 |       0.002 |      0.001 |
| MGTAVcc   |       1.000 |     0.000 |       0.000 |      0.000 |
| MGTAVtt   |       1.200 |     0.000 |       0.000 |      0.000 |
| MGTVccaux |       1.800 |     0.000 |       0.000 |      0.000 |
| Vccadc    |       1.800 |     0.020 |       0.000 |      0.020 |
+-----------+-------------+-----------+-------------+------------+


1.3 Confidence Level
--------------------

+-----------------------------+------------+--------------------------------------------------------+------------------------------------------------------------------------------------------------------------+
| User Input Data             | Confidence | Details                                                | Action                                                                                                     |
+-----------------------------+------------+--------------------------------------------------------+------------------------------------------------------------------------------------------------------------+
| Design implementation state | High       | Design is routed                                       |                                                                                                            |
| Clock nodes activity        | High       | User specified more than 95% of clocks                 |                                                                                                            |
| I/O nodes activity          | Low        | More than 75% of inputs are missing user specification | Provide missing input activity with simulation results or by editing the "By Resource Type -> I/Os" view   |
| Internal nodes activity     | Medium     | User specified less than 25% of internal nodes         | Provide missing internal nodes activity with simulation results or by editing the "By Resource Type" views |
| Device models               | High       | Device models are Production                           |                                                                                                            |
|                             |            |                                                        |                                                                                                            |
| Overall confidence level    | Low        |                                                        |                                                                                                            |
+-----------------------------+------------+--------------------------------------------------------+------------------------------------------------------------------------------------------------------------+


2. Settings
-----------

2.1 Environment
---------------

+-----------------------+--------------------------+
| Ambient Temp (C)      | 25.0                     |
| ThetaJA (C/W)         | 1.9                      |
| Airflow (LFM)         | 250                      |
| Heat Sink             | medium (Medium Profile)  |
| ThetaSA (C/W)         | 3.4                      |
| Board Selection       | medium (10"x10")         |
| # of Board Layers     | 12to15 (12 to 15 Layers) |
| Board Temperature (C) | 25.0                     |
+-----------------------+--------------------------+


2.2 Clock Constraints
---------------------

+---------------------------+---------------------------------------------+-----------------+
| Clock                     | Domain                                      | Constraint (ns) |
+---------------------------+---------------------------------------------+-----------------+
| ADC_1_CLK_A_P             | ADC_1_CLK_A_P                               |             2.3 |
| ADC_DESER1_n_1            | adcs/adc_interface1/ADC_DESER1/bitsleep_reg |            16.0 |
| D_LVDS_DCLK               | D_LVDS_DCLK_P                               |             6.2 |
| clk_100                   | clk_100                                     |            10.0 |
| clk_ftdi                  | FTDI_CLK                                    |            10.0 |
| clk_out1_clk_wiz_0        | adcs/dcm_ref/inst/clk_out1_clk_wiz_0        |             5.0 |
| clk_out3_DTClockGenerator | dcm_top/inst/clk_out3_DTClockGenerator      |            12.5 |
| clk_out3_clk_wiz_0        | adcs/dcm_ref/inst/clk_out3_clk_wiz_0        |            40.0 |
| clk_out5_DTClockGenerator | dcm_top/inst/clk_out5_DTClockGenerator      |            40.0 |
| clkfbout_DTClockGenerator | dcm_top/inst/clkfbout_DTClockGenerator      |             6.2 |
| clkfbout_clk_wiz_0        | adcs/dcm_ref/inst/clkfbout_clk_wiz_0        |            10.0 |
| clkfbout_fast_clock       | FASTCLOCKGEN/inst/clkfbout_fast_clock       |            12.5 |
+---------------------------+---------------------------------------------+-----------------+


3. Detailed Reports
-------------------

3.1 By Hierarchy
----------------

+------------------------------------------------------------------------------------------+-----------+
| Name                                                                                     | Power (W) |
+------------------------------------------------------------------------------------------+-----------+
| TOP_Digital                                                                              |     0.936 |
|   CDCE0                                                                                  |     0.002 |
|     SPI_MASTER_CLKGEN                                                                    |    <0.001 |
|       Inst_spi_timing_module                                                             |    <0.001 |
|   FASTCLOCKGEN                                                                           |     0.122 |
|     inst                                                                                 |     0.122 |
|   FC                                                                                     |     0.008 |
|     Inst_spi_ctrl                                                                        |    <0.001 |
|     PAGEMEM                                                                              |     0.006 |
|       U0                                                                                 |     0.006 |
|         inst_blk_mem_gen                                                                 |     0.006 |
|           gnbram.gnativebmg.native_blk_mem_gen                                           |     0.006 |
|             valid.cstr                                                                   |     0.006 |
|               ramloop[0].ram.r                                                           |     0.006 |
|                 prim_noinit.ram                                                          |     0.006 |
|   LEMO0_BUFF                                                                             |     0.002 |
|   LEMO1_BUFF                                                                             |    <0.001 |
|   LEMO2_BUFF                                                                             |     0.000 |
|   LEMO3_BUFF                                                                             |     0.000 |
|   LEMO4_BUFF                                                                             |     0.000 |
|   LEMO5_BUFF                                                                             |     0.000 |
|   LEMO6_BUFF                                                                             |     0.000 |
|   LEMO7_BUFF                                                                             |     0.000 |
|   TBR                                                                                    |     0.003 |
|     U0                                                                                   |     0.003 |
|       inst_blk_mem_gen                                                                   |     0.003 |
|         gnbram.gnativebmg.native_blk_mem_gen                                             |     0.003 |
|           valid.cstr                                                                     |     0.003 |
|             ramloop[0].ram.r                                                             |     0.003 |
|               prim_noinit.ram                                                            |     0.003 |
|   U0                                                                                     |    <0.001 |
|   U15                                                                                    |    <0.001 |
|   U26                                                                                    |     0.005 |
|     xpm_memory_sdpram_inst                                                               |     0.004 |
|       xpm_memory_base_inst                                                               |     0.004 |
|   U5                                                                                     |     0.005 |
|     xpm_memory_sdpram_inst                                                               |     0.004 |
|       xpm_memory_base_inst                                                               |     0.004 |
|   U50                                                                                    |     0.012 |
|   U51                                                                                    |     0.001 |
|     U0                                                                                   |    <0.001 |
|     U1                                                                                   |    <0.001 |
|   U52                                                                                    |    <0.001 |
|   U55                                                                                    |     0.007 |
|     xpm_fifo_async_inst                                                                  |     0.005 |
|       gnuram_async_fifo.xpm_fifo_base_inst                                               |     0.005 |
|         gen_cdc_pntr.rd_pntr_cdc_inst                                                    |    <0.001 |
|         gen_cdc_pntr.rpw_gray_reg                                                        |    <0.001 |
|         gen_cdc_pntr.wpr_gray_reg                                                        |    <0.001 |
|         gen_cdc_pntr.wpr_gray_reg_dc                                                     |    <0.001 |
|         gen_cdc_pntr.wr_pntr_cdc_dc_inst                                                 |    <0.001 |
|         gen_cdc_pntr.wr_pntr_cdc_inst                                                    |    <0.001 |
|         gen_sdpram.xpm_memory_base_inst                                                  |     0.003 |
|         rdp_inst                                                                         |    <0.001 |
|         rdpp1_inst                                                                       |    <0.001 |
|         rst_d1_inst                                                                      |    <0.001 |
|         wrp_inst                                                                         |    <0.001 |
|         wrpp1_inst                                                                       |    <0.001 |
|         wrpp2_inst                                                                       |    <0.001 |
|         xpm_fifo_rst_inst                                                                |    <0.001 |
|           gen_rst_ic.rrst_rd_inst                                                        |    <0.001 |
|             gen_pipe_bit[1].pipe_bit_inst                                                |    <0.001 |
|             gen_pipe_bit[2].pipe_bit_inst                                                |    <0.001 |
|           gen_rst_ic.rrst_wr_inst                                                        |    <0.001 |
|           gen_rst_ic.wrst_rd_inst                                                        |    <0.001 |
|           gen_rst_ic.wrst_wr_inst                                                        |    <0.001 |
|             gen_pipe_bit[0].pipe_bit_inst                                                |    <0.001 |
|             gen_pipe_bit[1].pipe_bit_inst                                                |    <0.001 |
|   U57                                                                                    |     0.003 |
|     IICCORE                                                                              |     0.003 |
|   U59                                                                                    |     0.015 |
|     CPS_GENERATE[0].SYNC_WORD_CPS                                                        |    <0.001 |
|       single_array[0].xpm_cdc_single_inst                                                |    <0.001 |
|       single_array[10].xpm_cdc_single_inst                                               |    <0.001 |
|       single_array[11].xpm_cdc_single_inst                                               |    <0.001 |
|       single_array[12].xpm_cdc_single_inst                                               |    <0.001 |
|       single_array[13].xpm_cdc_single_inst                                               |    <0.001 |
|       single_array[14].xpm_cdc_single_inst                                               |    <0.001 |
|       single_array[15].xpm_cdc_single_inst                                               |    <0.001 |
|       single_array[16].xpm_cdc_single_inst                                               |    <0.001 |
|       single_array[17].xpm_cdc_single_inst                                               |    <0.001 |
|       single_array[18].xpm_cdc_single_inst                                               |    <0.001 |
|       single_array[19].xpm_cdc_single_inst                                               |    <0.001 |
|       single_array[1].xpm_cdc_single_inst                                                |    <0.001 |
|       single_array[20].xpm_cdc_single_inst                                               |    <0.001 |
|       single_array[21].xpm_cdc_single_inst                                               |    <0.001 |
|       single_array[22].xpm_cdc_single_inst                                               |    <0.001 |
|       single_array[23].xpm_cdc_single_inst                                               |    <0.001 |
|       single_array[24].xpm_cdc_single_inst                                               |    <0.001 |
|       single_array[25].xpm_cdc_single_inst                                               |    <0.001 |
|       single_array[26].xpm_cdc_single_inst                                               |    <0.001 |
|       single_array[27].xpm_cdc_single_inst                                               |    <0.001 |
|       single_array[28].xpm_cdc_single_inst                                               |    <0.001 |
|       single_array[29].xpm_cdc_single_inst                                               |    <0.001 |
|       single_array[2].xpm_cdc_single_inst                                                |    <0.001 |
|       single_array[30].xpm_cdc_single_inst                                               |    <0.001 |
|       single_array[31].xpm_cdc_single_inst                                               |    <0.001 |
|       single_array[3].xpm_cdc_single_inst                                                |    <0.001 |
|       single_array[4].xpm_cdc_single_inst                                                |    <0.001 |
|       single_array[5].xpm_cdc_single_inst                                                |    <0.001 |
|       single_array[6].xpm_cdc_single_inst                                                |    <0.001 |
|       single_array[7].xpm_cdc_single_inst                                                |    <0.001 |
|       single_array[8].xpm_cdc_single_inst                                                |    <0.001 |
|       single_array[9].xpm_cdc_single_inst                                                |    <0.001 |
|     CPS_GENERATE[0].SYNC_WORD_TCNTR                                                      |    <0.001 |
|       single_array[0].xpm_cdc_single_inst                                                |    <0.001 |
|       single_array[10].xpm_cdc_single_inst                                               |    <0.001 |
|       single_array[11].xpm_cdc_single_inst                                               |    <0.001 |
|       single_array[12].xpm_cdc_single_inst                                               |    <0.001 |
|       single_array[13].xpm_cdc_single_inst                                               |    <0.001 |
|       single_array[14].xpm_cdc_single_inst                                               |    <0.001 |
|       single_array[15].xpm_cdc_single_inst                                               |    <0.001 |
|       single_array[16].xpm_cdc_single_inst                                               |    <0.001 |
|       single_array[17].xpm_cdc_single_inst                                               |    <0.001 |
|       single_array[18].xpm_cdc_single_inst                                               |    <0.001 |
|       single_array[19].xpm_cdc_single_inst                                               |    <0.001 |
|       single_array[1].xpm_cdc_single_inst                                                |    <0.001 |
|       single_array[20].xpm_cdc_single_inst                                               |    <0.001 |
|       single_array[21].xpm_cdc_single_inst                                               |    <0.001 |
|       single_array[22].xpm_cdc_single_inst                                               |    <0.001 |
|       single_array[23].xpm_cdc_single_inst                                               |    <0.001 |
|       single_array[24].xpm_cdc_single_inst                                               |    <0.001 |
|       single_array[25].xpm_cdc_single_inst                                               |    <0.001 |
|       single_array[26].xpm_cdc_single_inst                                               |    <0.001 |
|       single_array[27].xpm_cdc_single_inst                                               |    <0.001 |
|       single_array[28].xpm_cdc_single_inst                                               |    <0.001 |
|       single_array[29].xpm_cdc_single_inst                                               |    <0.001 |
|       single_array[2].xpm_cdc_single_inst                                                |    <0.001 |
|       single_array[30].xpm_cdc_single_inst                                               |    <0.001 |
|       single_array[31].xpm_cdc_single_inst                                               |    <0.001 |
|       single_array[3].xpm_cdc_single_inst                                                |    <0.001 |
|       single_array[4].xpm_cdc_single_inst                                                |    <0.001 |
|       single_array[5].xpm_cdc_single_inst                                                |    <0.001 |
|       single_array[6].xpm_cdc_single_inst                                                |    <0.001 |
|       single_array[7].xpm_cdc_single_inst                                                |    <0.001 |
|       single_array[8].xpm_cdc_single_inst                                                |    <0.001 |
|       single_array[9].xpm_cdc_single_inst                                                |    <0.001 |
|     CPS_GENERATE[1].SYNC_WORD_CPS                                                        |    <0.001 |
|       single_array[0].xpm_cdc_single_inst                                                |    <0.001 |
|       single_array[10].xpm_cdc_single_inst                                               |    <0.001 |
|       single_array[11].xpm_cdc_single_inst                                               |    <0.001 |
|       single_array[12].xpm_cdc_single_inst                                               |    <0.001 |
|       single_array[13].xpm_cdc_single_inst                                               |    <0.001 |
|       single_array[14].xpm_cdc_single_inst                                               |    <0.001 |
|       single_array[15].xpm_cdc_single_inst                                               |    <0.001 |
|       single_array[16].xpm_cdc_single_inst                                               |    <0.001 |
|       single_array[17].xpm_cdc_single_inst                                               |    <0.001 |
|       single_array[18].xpm_cdc_single_inst                                               |    <0.001 |
|       single_array[19].xpm_cdc_single_inst                                               |    <0.001 |
|       single_array[1].xpm_cdc_single_inst                                                |    <0.001 |
|       single_array[20].xpm_cdc_single_inst                                               |    <0.001 |
|       single_array[21].xpm_cdc_single_inst                                               |    <0.001 |
|       single_array[22].xpm_cdc_single_inst                                               |    <0.001 |
|       single_array[23].xpm_cdc_single_inst                                               |    <0.001 |
|       single_array[24].xpm_cdc_single_inst                                               |    <0.001 |
|       single_array[25].xpm_cdc_single_inst                                               |    <0.001 |
|       single_array[26].xpm_cdc_single_inst                                               |    <0.001 |
|       single_array[27].xpm_cdc_single_inst                                               |    <0.001 |
|       single_array[28].xpm_cdc_single_inst                                               |    <0.001 |
|       single_array[29].xpm_cdc_single_inst                                               |    <0.001 |
|       single_array[2].xpm_cdc_single_inst                                                |    <0.001 |
|       single_array[30].xpm_cdc_single_inst                                               |    <0.001 |
|       single_array[31].xpm_cdc_single_inst                                               |    <0.001 |
|       single_array[3].xpm_cdc_single_inst                                                |    <0.001 |
|       single_array[4].xpm_cdc_single_inst                                                |    <0.001 |
|       single_array[5].xpm_cdc_single_inst                                                |    <0.001 |
|       single_array[6].xpm_cdc_single_inst                                                |    <0.001 |
|       single_array[7].xpm_cdc_single_inst                                                |    <0.001 |
|       single_array[8].xpm_cdc_single_inst                                                |    <0.001 |
|       single_array[9].xpm_cdc_single_inst                                                |    <0.001 |
|     CPS_GENERATE[1].SYNC_WORD_TCNTR                                                      |    <0.001 |
|       single_array[0].xpm_cdc_single_inst                                                |    <0.001 |
|       single_array[10].xpm_cdc_single_inst                                               |    <0.001 |
|       single_array[11].xpm_cdc_single_inst                                               |    <0.001 |
|       single_array[12].xpm_cdc_single_inst                                               |    <0.001 |
|       single_array[13].xpm_cdc_single_inst                                               |    <0.001 |
|       single_array[14].xpm_cdc_single_inst                                               |    <0.001 |
|       single_array[15].xpm_cdc_single_inst                                               |    <0.001 |
|       single_array[16].xpm_cdc_single_inst                                               |    <0.001 |
|       single_array[17].xpm_cdc_single_inst                                               |    <0.001 |
|       single_array[18].xpm_cdc_single_inst                                               |    <0.001 |
|       single_array[19].xpm_cdc_single_inst                                               |    <0.001 |
|       single_array[1].xpm_cdc_single_inst                                                |    <0.001 |
|       single_array[20].xpm_cdc_single_inst                                               |    <0.001 |
|       single_array[21].xpm_cdc_single_inst                                               |    <0.001 |
|       single_array[22].xpm_cdc_single_inst                                               |    <0.001 |
|       single_array[23].xpm_cdc_single_inst                                               |    <0.001 |
|       single_array[24].xpm_cdc_single_inst                                               |    <0.001 |
|       single_array[25].xpm_cdc_single_inst                                               |    <0.001 |
|       single_array[26].xpm_cdc_single_inst                                               |    <0.001 |
|       single_array[27].xpm_cdc_single_inst                                               |    <0.001 |
|       single_array[28].xpm_cdc_single_inst                                               |    <0.001 |
|       single_array[29].xpm_cdc_single_inst                                               |    <0.001 |
|       single_array[2].xpm_cdc_single_inst                                                |    <0.001 |
|       single_array[30].xpm_cdc_single_inst                                               |    <0.001 |
|       single_array[31].xpm_cdc_single_inst                                               |    <0.001 |
|       single_array[3].xpm_cdc_single_inst                                                |    <0.001 |
|       single_array[4].xpm_cdc_single_inst                                                |    <0.001 |
|       single_array[5].xpm_cdc_single_inst                                                |    <0.001 |
|       single_array[6].xpm_cdc_single_inst                                                |    <0.001 |
|       single_array[7].xpm_cdc_single_inst                                                |    <0.001 |
|       single_array[8].xpm_cdc_single_inst                                                |    <0.001 |
|       single_array[9].xpm_cdc_single_inst                                                |    <0.001 |
|     CPS_GENERATE[2].SYNC_WORD_CPS                                                        |    <0.001 |
|       single_array[0].xpm_cdc_single_inst                                                |    <0.001 |
|       single_array[10].xpm_cdc_single_inst                                               |    <0.001 |
|       single_array[11].xpm_cdc_single_inst                                               |    <0.001 |
|       single_array[12].xpm_cdc_single_inst                                               |    <0.001 |
|       single_array[13].xpm_cdc_single_inst                                               |    <0.001 |
|       single_array[14].xpm_cdc_single_inst                                               |    <0.001 |
|       single_array[15].xpm_cdc_single_inst                                               |    <0.001 |
|       single_array[16].xpm_cdc_single_inst                                               |    <0.001 |
|       single_array[17].xpm_cdc_single_inst                                               |    <0.001 |
|       single_array[18].xpm_cdc_single_inst                                               |    <0.001 |
|       single_array[19].xpm_cdc_single_inst                                               |    <0.001 |
|       single_array[1].xpm_cdc_single_inst                                                |    <0.001 |
|       single_array[20].xpm_cdc_single_inst                                               |    <0.001 |
|       single_array[21].xpm_cdc_single_inst                                               |    <0.001 |
|       single_array[22].xpm_cdc_single_inst                                               |    <0.001 |
|       single_array[23].xpm_cdc_single_inst                                               |    <0.001 |
|       single_array[24].xpm_cdc_single_inst                                               |    <0.001 |
|       single_array[25].xpm_cdc_single_inst                                               |    <0.001 |
|       single_array[26].xpm_cdc_single_inst                                               |    <0.001 |
|       single_array[27].xpm_cdc_single_inst                                               |    <0.001 |
|       single_array[28].xpm_cdc_single_inst                                               |    <0.001 |
|       single_array[29].xpm_cdc_single_inst                                               |    <0.001 |
|       single_array[2].xpm_cdc_single_inst                                                |    <0.001 |
|       single_array[30].xpm_cdc_single_inst                                               |    <0.001 |
|       single_array[31].xpm_cdc_single_inst                                               |    <0.001 |
|       single_array[3].xpm_cdc_single_inst                                                |    <0.001 |
|       single_array[4].xpm_cdc_single_inst                                                |    <0.001 |
|       single_array[5].xpm_cdc_single_inst                                                |    <0.001 |
|       single_array[6].xpm_cdc_single_inst                                                |    <0.001 |
|       single_array[7].xpm_cdc_single_inst                                                |    <0.001 |
|       single_array[8].xpm_cdc_single_inst                                                |    <0.001 |
|       single_array[9].xpm_cdc_single_inst                                                |    <0.001 |
|     CPS_GENERATE[2].SYNC_WORD_TCNTR                                                      |    <0.001 |
|       single_array[0].xpm_cdc_single_inst                                                |    <0.001 |
|       single_array[10].xpm_cdc_single_inst                                               |    <0.001 |
|       single_array[11].xpm_cdc_single_inst                                               |    <0.001 |
|       single_array[12].xpm_cdc_single_inst                                               |    <0.001 |
|       single_array[13].xpm_cdc_single_inst                                               |    <0.001 |
|       single_array[14].xpm_cdc_single_inst                                               |    <0.001 |
|       single_array[15].xpm_cdc_single_inst                                               |    <0.001 |
|       single_array[16].xpm_cdc_single_inst                                               |    <0.001 |
|       single_array[17].xpm_cdc_single_inst                                               |    <0.001 |
|       single_array[18].xpm_cdc_single_inst                                               |    <0.001 |
|       single_array[19].xpm_cdc_single_inst                                               |    <0.001 |
|       single_array[1].xpm_cdc_single_inst                                                |    <0.001 |
|       single_array[20].xpm_cdc_single_inst                                               |    <0.001 |
|       single_array[21].xpm_cdc_single_inst                                               |    <0.001 |
|       single_array[22].xpm_cdc_single_inst                                               |    <0.001 |
|       single_array[23].xpm_cdc_single_inst                                               |    <0.001 |
|       single_array[24].xpm_cdc_single_inst                                               |    <0.001 |
|       single_array[25].xpm_cdc_single_inst                                               |    <0.001 |
|       single_array[26].xpm_cdc_single_inst                                               |    <0.001 |
|       single_array[27].xpm_cdc_single_inst                                               |    <0.001 |
|       single_array[28].xpm_cdc_single_inst                                               |    <0.001 |
|       single_array[29].xpm_cdc_single_inst                                               |    <0.001 |
|       single_array[2].xpm_cdc_single_inst                                                |    <0.001 |
|       single_array[30].xpm_cdc_single_inst                                               |    <0.001 |
|       single_array[31].xpm_cdc_single_inst                                               |    <0.001 |
|       single_array[3].xpm_cdc_single_inst                                                |    <0.001 |
|       single_array[4].xpm_cdc_single_inst                                                |    <0.001 |
|       single_array[5].xpm_cdc_single_inst                                                |    <0.001 |
|       single_array[6].xpm_cdc_single_inst                                                |    <0.001 |
|       single_array[7].xpm_cdc_single_inst                                                |    <0.001 |
|       single_array[8].xpm_cdc_single_inst                                                |    <0.001 |
|       single_array[9].xpm_cdc_single_inst                                                |    <0.001 |
|     CPS_GENERATE[3].SYNC_WORD_CPS                                                        |    <0.001 |
|       single_array[0].xpm_cdc_single_inst                                                |    <0.001 |
|       single_array[10].xpm_cdc_single_inst                                               |    <0.001 |
|       single_array[11].xpm_cdc_single_inst                                               |    <0.001 |
|       single_array[12].xpm_cdc_single_inst                                               |    <0.001 |
|       single_array[13].xpm_cdc_single_inst                                               |    <0.001 |
|       single_array[14].xpm_cdc_single_inst                                               |    <0.001 |
|       single_array[15].xpm_cdc_single_inst                                               |    <0.001 |
|       single_array[16].xpm_cdc_single_inst                                               |    <0.001 |
|       single_array[17].xpm_cdc_single_inst                                               |    <0.001 |
|       single_array[18].xpm_cdc_single_inst                                               |    <0.001 |
|       single_array[19].xpm_cdc_single_inst                                               |    <0.001 |
|       single_array[1].xpm_cdc_single_inst                                                |    <0.001 |
|       single_array[20].xpm_cdc_single_inst                                               |    <0.001 |
|       single_array[21].xpm_cdc_single_inst                                               |    <0.001 |
|       single_array[22].xpm_cdc_single_inst                                               |    <0.001 |
|       single_array[23].xpm_cdc_single_inst                                               |    <0.001 |
|       single_array[24].xpm_cdc_single_inst                                               |    <0.001 |
|       single_array[25].xpm_cdc_single_inst                                               |    <0.001 |
|       single_array[26].xpm_cdc_single_inst                                               |    <0.001 |
|       single_array[27].xpm_cdc_single_inst                                               |    <0.001 |
|       single_array[28].xpm_cdc_single_inst                                               |    <0.001 |
|       single_array[29].xpm_cdc_single_inst                                               |    <0.001 |
|       single_array[2].xpm_cdc_single_inst                                                |    <0.001 |
|       single_array[30].xpm_cdc_single_inst                                               |    <0.001 |
|       single_array[31].xpm_cdc_single_inst                                               |    <0.001 |
|       single_array[3].xpm_cdc_single_inst                                                |    <0.001 |
|       single_array[4].xpm_cdc_single_inst                                                |    <0.001 |
|       single_array[5].xpm_cdc_single_inst                                                |    <0.001 |
|       single_array[6].xpm_cdc_single_inst                                                |    <0.001 |
|       single_array[7].xpm_cdc_single_inst                                                |    <0.001 |
|       single_array[8].xpm_cdc_single_inst                                                |    <0.001 |
|       single_array[9].xpm_cdc_single_inst                                                |    <0.001 |
|     CPS_GENERATE[3].SYNC_WORD_TCNTR                                                      |    <0.001 |
|       single_array[0].xpm_cdc_single_inst                                                |    <0.001 |
|       single_array[10].xpm_cdc_single_inst                                               |    <0.001 |
|       single_array[11].xpm_cdc_single_inst                                               |    <0.001 |
|       single_array[12].xpm_cdc_single_inst                                               |    <0.001 |
|       single_array[13].xpm_cdc_single_inst                                               |    <0.001 |
|       single_array[14].xpm_cdc_single_inst                                               |    <0.001 |
|       single_array[15].xpm_cdc_single_inst                                               |    <0.001 |
|       single_array[16].xpm_cdc_single_inst                                               |    <0.001 |
|       single_array[17].xpm_cdc_single_inst                                               |    <0.001 |
|       single_array[18].xpm_cdc_single_inst                                               |    <0.001 |
|       single_array[19].xpm_cdc_single_inst                                               |    <0.001 |
|       single_array[1].xpm_cdc_single_inst                                                |    <0.001 |
|       single_array[20].xpm_cdc_single_inst                                               |    <0.001 |
|       single_array[21].xpm_cdc_single_inst                                               |    <0.001 |
|       single_array[22].xpm_cdc_single_inst                                               |    <0.001 |
|       single_array[23].xpm_cdc_single_inst                                               |    <0.001 |
|       single_array[24].xpm_cdc_single_inst                                               |    <0.001 |
|       single_array[25].xpm_cdc_single_inst                                               |    <0.001 |
|       single_array[26].xpm_cdc_single_inst                                               |    <0.001 |
|       single_array[27].xpm_cdc_single_inst                                               |    <0.001 |
|       single_array[28].xpm_cdc_single_inst                                               |    <0.001 |
|       single_array[29].xpm_cdc_single_inst                                               |    <0.001 |
|       single_array[2].xpm_cdc_single_inst                                                |    <0.001 |
|       single_array[30].xpm_cdc_single_inst                                               |    <0.001 |
|       single_array[31].xpm_cdc_single_inst                                               |    <0.001 |
|       single_array[3].xpm_cdc_single_inst                                                |    <0.001 |
|       single_array[4].xpm_cdc_single_inst                                                |    <0.001 |
|       single_array[5].xpm_cdc_single_inst                                                |    <0.001 |
|       single_array[6].xpm_cdc_single_inst                                                |    <0.001 |
|       single_array[7].xpm_cdc_single_inst                                                |    <0.001 |
|       single_array[8].xpm_cdc_single_inst                                                |    <0.001 |
|       single_array[9].xpm_cdc_single_inst                                                |    <0.001 |
|     CPS_GENERATE[4].SYNC_WORD_CPS                                                        |    <0.001 |
|       single_array[0].xpm_cdc_single_inst                                                |    <0.001 |
|       single_array[10].xpm_cdc_single_inst                                               |    <0.001 |
|       single_array[11].xpm_cdc_single_inst                                               |    <0.001 |
|       single_array[12].xpm_cdc_single_inst                                               |    <0.001 |
|       single_array[13].xpm_cdc_single_inst                                               |    <0.001 |
|       single_array[14].xpm_cdc_single_inst                                               |    <0.001 |
|       single_array[15].xpm_cdc_single_inst                                               |    <0.001 |
|       single_array[16].xpm_cdc_single_inst                                               |    <0.001 |
|       single_array[17].xpm_cdc_single_inst                                               |    <0.001 |
|       single_array[18].xpm_cdc_single_inst                                               |    <0.001 |
|       single_array[19].xpm_cdc_single_inst                                               |    <0.001 |
|       single_array[1].xpm_cdc_single_inst                                                |    <0.001 |
|       single_array[20].xpm_cdc_single_inst                                               |    <0.001 |
|       single_array[21].xpm_cdc_single_inst                                               |    <0.001 |
|       single_array[22].xpm_cdc_single_inst                                               |    <0.001 |
|       single_array[23].xpm_cdc_single_inst                                               |    <0.001 |
|       single_array[24].xpm_cdc_single_inst                                               |    <0.001 |
|       single_array[25].xpm_cdc_single_inst                                               |    <0.001 |
|       single_array[26].xpm_cdc_single_inst                                               |    <0.001 |
|       single_array[27].xpm_cdc_single_inst                                               |    <0.001 |
|       single_array[28].xpm_cdc_single_inst                                               |    <0.001 |
|       single_array[29].xpm_cdc_single_inst                                               |    <0.001 |
|       single_array[2].xpm_cdc_single_inst                                                |    <0.001 |
|       single_array[30].xpm_cdc_single_inst                                               |    <0.001 |
|       single_array[31].xpm_cdc_single_inst                                               |    <0.001 |
|       single_array[3].xpm_cdc_single_inst                                                |    <0.001 |
|       single_array[4].xpm_cdc_single_inst                                                |    <0.001 |
|       single_array[5].xpm_cdc_single_inst                                                |    <0.001 |
|       single_array[6].xpm_cdc_single_inst                                                |    <0.001 |
|       single_array[7].xpm_cdc_single_inst                                                |    <0.001 |
|       single_array[8].xpm_cdc_single_inst                                                |    <0.001 |
|       single_array[9].xpm_cdc_single_inst                                                |    <0.001 |
|     CPS_GENERATE[4].SYNC_WORD_TCNTR                                                      |    <0.001 |
|       single_array[0].xpm_cdc_single_inst                                                |    <0.001 |
|       single_array[10].xpm_cdc_single_inst                                               |    <0.001 |
|       single_array[11].xpm_cdc_single_inst                                               |    <0.001 |
|       single_array[12].xpm_cdc_single_inst                                               |    <0.001 |
|       single_array[13].xpm_cdc_single_inst                                               |    <0.001 |
|       single_array[14].xpm_cdc_single_inst                                               |    <0.001 |
|       single_array[15].xpm_cdc_single_inst                                               |    <0.001 |
|       single_array[16].xpm_cdc_single_inst                                               |    <0.001 |
|       single_array[17].xpm_cdc_single_inst                                               |    <0.001 |
|       single_array[18].xpm_cdc_single_inst                                               |    <0.001 |
|       single_array[19].xpm_cdc_single_inst                                               |    <0.001 |
|       single_array[1].xpm_cdc_single_inst                                                |    <0.001 |
|       single_array[20].xpm_cdc_single_inst                                               |    <0.001 |
|       single_array[21].xpm_cdc_single_inst                                               |    <0.001 |
|       single_array[22].xpm_cdc_single_inst                                               |    <0.001 |
|       single_array[23].xpm_cdc_single_inst                                               |    <0.001 |
|       single_array[24].xpm_cdc_single_inst                                               |    <0.001 |
|       single_array[25].xpm_cdc_single_inst                                               |    <0.001 |
|       single_array[26].xpm_cdc_single_inst                                               |    <0.001 |
|       single_array[27].xpm_cdc_single_inst                                               |    <0.001 |
|       single_array[28].xpm_cdc_single_inst                                               |    <0.001 |
|       single_array[29].xpm_cdc_single_inst                                               |    <0.001 |
|       single_array[2].xpm_cdc_single_inst                                                |    <0.001 |
|       single_array[30].xpm_cdc_single_inst                                               |    <0.001 |
|       single_array[31].xpm_cdc_single_inst                                               |    <0.001 |
|       single_array[3].xpm_cdc_single_inst                                                |    <0.001 |
|       single_array[4].xpm_cdc_single_inst                                                |    <0.001 |
|       single_array[5].xpm_cdc_single_inst                                                |    <0.001 |
|       single_array[6].xpm_cdc_single_inst                                                |    <0.001 |
|       single_array[7].xpm_cdc_single_inst                                                |    <0.001 |
|       single_array[8].xpm_cdc_single_inst                                                |    <0.001 |
|       single_array[9].xpm_cdc_single_inst                                                |    <0.001 |
|   U63                                                                                    |     0.005 |
|   U9                                                                                     |     0.012 |
|     big_counter.xpm_cdc_gray_inst_1                                                      |     0.005 |
|     big_counter.xpm_cdc_gray_inst_2                                                      |     0.005 |
|     xpm_cdc_async_rst_inst                                                               |    <0.001 |
|   USBInterface                                                                           |     0.030 |
|     ADDRESS_FIFO                                                                         |     0.006 |
|       U0                                                                                 |     0.006 |
|         inst_fifo_gen                                                                    |     0.006 |
|           gconvfifo.rf                                                                   |     0.006 |
|             grf.rf                                                                       |     0.006 |
|               gntv_or_sync_fifo.gcx.clkx                                                 |    <0.001 |
|                 rd_pntr_cdc_inst                                                         |    <0.001 |
|                 wr_pntr_cdc_inst                                                         |    <0.001 |
|               gntv_or_sync_fifo.gl0.rd                                                   |    <0.001 |
|                 gras.rsts                                                                |    <0.001 |
|                 rpntr                                                                    |    <0.001 |
|               gntv_or_sync_fifo.gl0.wr                                                   |    <0.001 |
|                 gwas.gpf.wrpf                                                            |    <0.001 |
|                 gwas.wsts                                                                |    <0.001 |
|                 wpntr                                                                    |    <0.001 |
|               gntv_or_sync_fifo.mem                                                      |     0.005 |
|                 gbm.gbmg.gbmga.ngecc.bmg                                                 |     0.005 |
|                   inst_blk_mem_gen                                                       |     0.005 |
|                     gnbram.gnativebmg.native_blk_mem_gen                                 |     0.005 |
|                       valid.cstr                                                         |     0.005 |
|                         ramloop[0].ram.r                                                 |     0.005 |
|                           prim_noinit.ram                                                |     0.005 |
|               rstblk                                                                     |    <0.001 |
|                 ngwrdrst.grst.g7serrst.gnsckt_wrst.gic_rst.rst_rd_reg2_inst              |    <0.001 |
|                 ngwrdrst.grst.g7serrst.gnsckt_wrst.gic_rst.xpm_cdc_single_inst_rrst_wr   |    <0.001 |
|                 ngwrdrst.grst.g7serrst.gnsckt_wrst.gic_rst.xpm_cdc_single_inst_wrst_rd   |    <0.001 |
|                 ngwrdrst.grst.g7serrst.gnsckt_wrst.rst_wr_reg2_inst                      |    <0.001 |
|     DATA_READ_FIFO                                                                       |     0.002 |
|       U0                                                                                 |     0.002 |
|         inst_fifo_gen                                                                    |     0.002 |
|           gconvfifo.rf                                                                   |     0.002 |
|             grf.rf                                                                       |     0.002 |
|               gntv_or_sync_fifo.gcx.clkx                                                 |    <0.001 |
|                 rd_pntr_cdc_inst                                                         |    <0.001 |
|                 wr_pntr_cdc_inst                                                         |    <0.001 |
|               gntv_or_sync_fifo.gl0.rd                                                   |    <0.001 |
|                 gras.rsts                                                                |    <0.001 |
|                 grhf.rhf                                                                 |    <0.001 |
|                 rpntr                                                                    |    <0.001 |
|               gntv_or_sync_fifo.gl0.wr                                                   |    <0.001 |
|                 gwas.gpf.wrpf                                                            |    <0.001 |
|                 gwas.wsts                                                                |    <0.001 |
|                 wpntr                                                                    |    <0.001 |
|               gntv_or_sync_fifo.mem                                                      |    <0.001 |
|                 gbm.gbmg.gbmga.ngecc.bmg                                                 |    <0.001 |
|                   inst_blk_mem_gen                                                       |    <0.001 |
|                     gnbram.gnativebmg.native_blk_mem_gen                                 |    <0.001 |
|                       valid.cstr                                                         |    <0.001 |
|                         ramloop[0].ram.r                                                 |    <0.001 |
|                           prim_noinit.ram                                                |    <0.001 |
|               rstblk                                                                     |    <0.001 |
|                 ngwrdrst.grst.g7serrst.gnsckt_wrst.gic_rst.rst_rd_reg2_inst              |    <0.001 |
|                 ngwrdrst.grst.g7serrst.gnsckt_wrst.gic_rst.xpm_cdc_single_inst_rrst_wr   |    <0.001 |
|                 ngwrdrst.grst.g7serrst.gnsckt_wrst.gic_rst.xpm_cdc_single_inst_wrst_rd   |    <0.001 |
|                 ngwrdrst.grst.g7serrst.gnsckt_wrst.rst_wr_reg2_inst                      |    <0.001 |
|     Inst_ft600_fifo245_core                                                              |     0.016 |
|       GBUFBE[0].DRIVE_IO_BUS                                                             |     0.000 |
|       GBUFBE[1].DRIVE_IO_BUS                                                             |     0.000 |
|       GBUFBE[2].DRIVE_IO_BUS                                                             |     0.000 |
|       GBUFBE[3].DRIVE_IO_BUS                                                             |     0.000 |
|       GBUF[0].DRIVE_IO_BUS                                                               |    <0.001 |
|       GBUF[10].DRIVE_IO_BUS                                                              |    <0.001 |
|       GBUF[11].DRIVE_IO_BUS                                                              |    <0.001 |
|       GBUF[12].DRIVE_IO_BUS                                                              |    <0.001 |
|       GBUF[13].DRIVE_IO_BUS                                                              |    <0.001 |
|       GBUF[14].DRIVE_IO_BUS                                                              |    <0.001 |
|       GBUF[15].DRIVE_IO_BUS                                                              |    <0.001 |
|       GBUF[16].DRIVE_IO_BUS                                                              |    <0.001 |
|       GBUF[17].DRIVE_IO_BUS                                                              |    <0.001 |
|       GBUF[18].DRIVE_IO_BUS                                                              |    <0.001 |
|       GBUF[19].DRIVE_IO_BUS                                                              |    <0.001 |
|       GBUF[1].DRIVE_IO_BUS                                                               |    <0.001 |
|       GBUF[20].DRIVE_IO_BUS                                                              |    <0.001 |
|       GBUF[21].DRIVE_IO_BUS                                                              |    <0.001 |
|       GBUF[22].DRIVE_IO_BUS                                                              |    <0.001 |
|       GBUF[23].DRIVE_IO_BUS                                                              |    <0.001 |
|       GBUF[24].DRIVE_IO_BUS                                                              |    <0.001 |
|       GBUF[25].DRIVE_IO_BUS                                                              |    <0.001 |
|       GBUF[26].DRIVE_IO_BUS                                                              |    <0.001 |
|       GBUF[27].DRIVE_IO_BUS                                                              |    <0.001 |
|       GBUF[28].DRIVE_IO_BUS                                                              |    <0.001 |
|       GBUF[29].DRIVE_IO_BUS                                                              |    <0.001 |
|       GBUF[2].DRIVE_IO_BUS                                                               |    <0.001 |
|       GBUF[30].DRIVE_IO_BUS                                                              |    <0.001 |
|       GBUF[31].DRIVE_IO_BUS                                                              |    <0.001 |
|       GBUF[3].DRIVE_IO_BUS                                                               |    <0.001 |
|       GBUF[4].DRIVE_IO_BUS                                                               |    <0.001 |
|       GBUF[5].DRIVE_IO_BUS                                                               |    <0.001 |
|       GBUF[6].DRIVE_IO_BUS                                                               |    <0.001 |
|       GBUF[7].DRIVE_IO_BUS                                                               |    <0.001 |
|       GBUF[8].DRIVE_IO_BUS                                                               |    <0.001 |
|       GBUF[9].DRIVE_IO_BUS                                                               |    <0.001 |
|       SEC_SYS                                                                            |     0.009 |
|         Inst_spi93lc56_16bit                                                             |     0.002 |
|     xpm_cdc_single_inst                                                                  |    <0.001 |
|   adcs                                                                                   |     0.291 |
|     adc_interface1                                                                       |     0.163 |
|       ADC_DESER1                                                                         |     0.140 |
|       ADC_OUTFIFO1                                                                       |     0.007 |
|         U0                                                                               |     0.007 |
|           inst_fifo_gen                                                                  |     0.007 |
|             gconvfifo.rf                                                                 |     0.007 |
|               grf.rf                                                                     |     0.007 |
|                 gntv_or_sync_fifo.gcx.clkx                                               |    <0.001 |
|                   rd_pntr_cdc_inst                                                       |    <0.001 |
|                   wr_pntr_cdc_inst                                                       |    <0.001 |
|                 gntv_or_sync_fifo.gl0.rd                                                 |    <0.001 |
|                   gr1.gr1_int.rfwft                                                      |    <0.001 |
|                   gras.rsts                                                              |    <0.001 |
|                     c0                                                                   |    <0.001 |
|                     c1                                                                   |    <0.001 |
|                   rpntr                                                                  |    <0.001 |
|                 gntv_or_sync_fifo.gl0.wr                                                 |    <0.001 |
|                   gwas.wsts                                                              |    <0.001 |
|                     c1                                                                   |    <0.001 |
|                     c2                                                                   |    <0.001 |
|                   wpntr                                                                  |    <0.001 |
|                 gntv_or_sync_fifo.mem                                                    |     0.005 |
|                   gbm.gbmg.gbmga.ngecc.bmg                                               |     0.005 |
|                     inst_blk_mem_gen                                                     |     0.005 |
|                       gnbram.gnativebmg.native_blk_mem_gen                               |     0.005 |
|                         valid.cstr                                                       |     0.005 |
|                           ramloop[0].ram.r                                               |     0.002 |
|                             prim_noinit.ram                                              |     0.002 |
|                           ramloop[1].ram.r                                               |     0.004 |
|                             prim_noinit.ram                                              |     0.004 |
|                 rstblk                                                                   |    <0.001 |
|                   ngwrdrst.grst.g7serrst.gnsckt_wrst.gic_rst.rst_rd_reg2_inst            |    <0.001 |
|                   ngwrdrst.grst.g7serrst.gnsckt_wrst.gic_rst.xpm_cdc_single_inst_rrst_wr |    <0.001 |
|                   ngwrdrst.grst.g7serrst.gnsckt_wrst.gic_rst.xpm_cdc_single_inst_wrst_rd |    <0.001 |
|                   ngwrdrst.grst.g7serrst.gnsckt_wrst.rst_wr_reg2_inst                    |    <0.001 |
|       ADC_SYNC1                                                                          |     0.002 |
|       AF_A0                                                                              |    <0.001 |
|       AF_A1                                                                              |    <0.001 |
|       AF_A2                                                                              |    <0.001 |
|       AF_A3                                                                              |    <0.001 |
|       AF_A4                                                                              |    <0.001 |
|       AF_A5                                                                              |    <0.001 |
|       AF_A6                                                                              |    <0.001 |
|       AF_A7                                                                              |    <0.001 |
|       AF_B0                                                                              |    <0.001 |
|       AF_B1                                                                              |    <0.001 |
|       AF_B2                                                                              |    <0.001 |
|       AF_B3                                                                              |    <0.001 |
|       AF_B4                                                                              |    <0.001 |
|       AF_B5                                                                              |    <0.001 |
|       AF_B6                                                                              |    <0.001 |
|       AF_B7                                                                              |    <0.001 |
|     dcm_ref                                                                              |     0.128 |
|       inst                                                                               |     0.128 |
|   dcm_top                                                                                |     0.111 |
|     inst                                                                                 |     0.111 |
|   iic_sda_IOBUF_inst                                                                     |    <0.001 |
|   xpm_cdc_single_inst                                                                    |    <0.001 |
+------------------------------------------------------------------------------------------+-----------+


